# TOTAL_GENES = 15002
# TEST_DIRECTION = one-sided, positive (set), one-sided, positive (covar)
# CONDITIONED_INTERNAL = gene size, gene density, inverse mac, log(gene size), log(gene density), log(inverse mac)
# CONDITIONED_HIDDEN = Average (covar)
VARIABLE                             TYPE  NGENES         BETA     BETA_STD           SE            P FULL_NAME
Neuron_Gad1Gad2_Cplx3.1_1           COVAR   15002     0.016518     0.045395    0.0087577     0.029647 Neuron_Gad1Gad2_Cplx3.1_1
Neuron_Gad1Gad2-Slc17a8_Synp...     COVAR   15002    0.0080825     0.022387    0.0078082      0.15031 Neuron_Gad1Gad2-Slc17a8_Synpr-Sncg-Yjefn3.1_10
Neuron_Gad1Gad2_Synpr-Sncg.1...     COVAR   15002     0.011087     0.030909    0.0076577     0.073852 Neuron_Gad1Gad2_Synpr-Sncg.1_11
Neuron_Gad1Gad2_Cplx3-Reln.1...     COVAR   15002     0.017724     0.048946    0.0089476     0.023814 Neuron_Gad1Gad2_Cplx3-Reln.1_2
Neuron_Gad1Gad2_Synpr-Nnat.1...     COVAR   15002     0.005887     0.017084     0.006101       0.1673 Neuron_Gad1Gad2_Synpr-Nnat.1_3
Neuron_Gad1Gad2_Synpr-Crispl...     COVAR   15002    0.0047203     0.013207    0.0074338      0.26273 Neuron_Gad1Gad2_Synpr-Crispld2.1_4
Neuron_Gad1Gad2-Chat_Synpr-S...     COVAR   15002    0.0077107     0.021213    0.0084398      0.18047 Neuron_Gad1Gad2-Chat_Synpr-Slc5a7.1_5
Neuron_Gad1Gad2_Synpr-Pcdh11...     COVAR   15002     0.027171     0.074808    0.0085889   0.00078109 Neuron_Gad1Gad2_Synpr-Pcdh11x.1_6
Neuron_Gad1Gad2_Synpr-Dpy19l...     COVAR   15002     0.013959     0.039751    0.0068904     0.021398 Neuron_Gad1Gad2_Synpr-Dpy19l1.1_7
Neuron_Gad1Gad2_Cplx3-Dpy19l...     COVAR   15002    0.0082988     0.024497    0.0054859     0.065184 Neuron_Gad1Gad2_Cplx3-Dpy19l1.1_8
Neuron_Gad1Gad2_Cplx3-Crim1....     COVAR   15002      0.01429     0.040824    0.0069619     0.020063 Neuron_Gad1Gad2_Cplx3-Crim1.1_9
Polydendrocyte_Tnr_Cspg5.10_1       COVAR   15002    -0.013878    -0.037915    0.0064988      0.98363 Polydendrocyte_Tnr_Cspg5.10_1
Polydendrocyte_Tnr_Dlx1.10_2        COVAR   15002    -0.014272    -0.040846    0.0044912      0.99926 Polydendrocyte_Tnr_Dlx1.10_2
Polydendrocyte_Tnr_Pdgfa.10_3       COVAR   15002    -0.010266    -0.028556    0.0052691       0.9743 Polydendrocyte_Tnr_Pdgfa.10_3
Polydendrocyte_Tnr_Opalin.10...     COVAR   15002   -0.0062181    -0.017655    0.0042926      0.92626 Polydendrocyte_Tnr_Opalin.10_4
Polydendrocyte_Tnr_Bmp4-_Ptg...     COVAR   15002    -0.010561      -0.0294    0.0054706      0.97321 Polydendrocyte_Tnr_Bmp4-_Ptgds.10_5
Polydendrocyte_Tnr_Bmp4-Gpr1...     COVAR   15002   -0.0089167    -0.025296    0.0054948      0.94767 Polydendrocyte_Tnr_Bmp4-Gpr17.10_6
Microglia_C1qb_Tmem119.11_1         COVAR   15002   -0.0029654   -0.0078088    0.0057089      0.69827 Microglia_C1qb_Tmem119.11_1
Neuron_Slc17a6_Reln.11_2            COVAR   15002   -0.0045601    -0.014545    0.0033869       0.9109 Neuron_Slc17a6_Reln.11_2
Macrophage_C1qb_Mrc1.11_3           COVAR   15002   -0.0015808   -0.0044264    0.0041452      0.64853 Macrophage_C1qb_Mrc1.11_3
Microglia_C1qb_Tmem119-Fos.1...     COVAR   15002    0.0010416    0.0032959    0.0027166      0.35071 Microglia_C1qb_Tmem119-Fos.11_4
Endothelial_Stalk_Flt1_Gkn3....     COVAR   15002    -0.020086     -0.05352    0.0051302      0.99995 Endothelial_Stalk_Flt1_Gkn3.12_1
Endothelial_Stalk_Flt1_Mgp.1...     COVAR   15002     -0.01605    -0.045676    0.0040177      0.99997 Endothelial_Stalk_Flt1_Mgp.12_2
Endothelial_Stalk_Flt1_Car4....     COVAR   15002     -0.01847    -0.049448    0.0051548      0.99983 Endothelial_Stalk_Flt1_Car4.12_3
Endothelial_Stalk_Flt1_Cfh.1...     COVAR   15002    -0.018271    -0.049177    0.0049612      0.99988 Endothelial_Stalk_Flt1_Cfh.12_4
Endothelial_Stalk_Flt1_Lrg1....     COVAR   15002   -0.0063133    -0.019047    0.0034105      0.96791 Endothelial_Stalk_Flt1_Lrg1.12_5
Mural_Rgs5Acta2_Cnn1.13_1           COVAR   15002    -0.015766    -0.042094    0.0049331       0.9993 Mural_Rgs5Acta2_Cnn1.13_1
Mural_Rgs5Acta2_Ccnd1.13_2          COVAR   15002    -0.015217    -0.040815    0.0049643      0.99891 Mural_Rgs5Acta2_Ccnd1.13_2
Mural_Rgs5Acta2_Abcc9.13_3          COVAR   15002     -0.01009    -0.028627    0.0046032       0.9858 Mural_Rgs5Acta2_Abcc9.13_3
Mural_Rgs5Acta2_Col3a1.13_4         COVAR   15002    -0.013742    -0.040576    0.0036843       0.9999 Mural_Rgs5Acta2_Col3a1.13_4
Endothelial_Tip_Dcn_1500015O...     COVAR   15002   -0.0095662    -0.026965    0.0044082      0.98499 Endothelial_Tip_Dcn_1500015O10Rik.14_1
Endothelial_Tip_Dcn_Dapl1.14...     COVAR   15002    -0.011198    -0.031581    0.0041509       0.9965 Endothelial_Tip_Dcn_Dapl1.14_2
Endothelial_Tip_Dcn_Coch.14_3       COVAR   15002   -0.0074247    -0.021465    0.0038565      0.97289 Endothelial_Tip_Dcn_Coch.14_3
Endothelial_Tip_Dcn_Col15a1....     COVAR   15002    -0.015247    -0.041894    0.0048904      0.99909 Endothelial_Tip_Dcn_Col15a1.14_4
Endothelial_Tip_Dcn_Inmt.14_5       COVAR   15002   -0.0081769    -0.025259    0.0031663      0.99509 Endothelial_Tip_Dcn_Inmt.14_5
Neuron_Gad1Gad2_Sst-Chodl.2_1       COVAR   15002    0.0043787     0.012464    0.0059991      0.23273 Neuron_Gad1Gad2_Sst-Chodl.2_1
Neuron_Gad1Gad2-Th_Nr4a2.2_10       COVAR   15002     0.011142     0.031099     0.007237     0.061833 Neuron_Gad1Gad2-Th_Nr4a2.2_10
Neuron_Gad1Gad2_Sst-Pdyn.2_2        COVAR   15002    0.0032242    0.0088855    0.0077896      0.33947 Neuron_Gad1Gad2_Sst-Pdyn.2_2
Neuron_Gad1Gad2_Sst-Calb2.2_3       COVAR   15002    0.0063116     0.017802    0.0072608      0.19236 Neuron_Gad1Gad2_Sst-Calb2.2_3
Neuron_Gad1Gad2_Sst-Crh.2_4         COVAR   15002     0.009458     0.026142    0.0081199      0.12206 Neuron_Gad1Gad2_Sst-Crh.2_4
Neuron_Gad1Gad2_Sst-Nr2f2.2_5       COVAR   15002    0.0047172     0.013127    0.0077111      0.27036 Neuron_Gad1Gad2_Sst-Nr2f2.2_5
Neuron_Gad1Gad2_Pvalb-Unc5b....     COVAR   15002     0.011638      0.03346    0.0061456     0.029145 Neuron_Gad1Gad2_Pvalb-Unc5b.2_6
Neuron_Gad1Gad2_Pvalb.2_7           COVAR   15002     0.019869     0.054511    0.0082857    0.0082483 Neuron_Gad1Gad2_Pvalb.2_7
Neuron_Gad1Gad2_Pvalb-Nefm.2...     COVAR   15002       0.0189     0.051785    0.0076303     0.006631 Neuron_Gad1Gad2_Pvalb-Nefm.2_8
Neuron_Gad1Gad2_Pvalb-Necab1...     COVAR   15002     0.015833     0.043221    0.0084297     0.030182 Neuron_Gad1Gad2_Pvalb-Necab1.2_9
Neuron_Slc17a7_Syt6-Sema5a.3...     COVAR   15002     0.028326     0.077753    0.0097845    0.0018991 Neuron_Slc17a7_Syt6-Sema5a.3_1
Neuron_Slc17a7-Slc17a8_Syt6-...     COVAR   15002     0.026339     0.073268    0.0086696    0.0011925 Neuron_Slc17a7-Slc17a8_Syt6-Cplx3.3_10
Neuron_Slc17a7_Syt6-Bdnf.3_11       COVAR   15002     0.017486     0.050656    0.0066233    0.0041498 Neuron_Slc17a7_Syt6-Bdnf.3_11
Neuron_Slc17a7_Syt6-Kit.3_12        COVAR   15002      0.03786      0.10472    0.0098816   6.4004e-05 Neuron_Slc17a7_Syt6-Kit.3_12
Neuron_Slc17a7_Syt6-Fos.3_13        COVAR   15002     0.028702     0.080093    0.0091347   0.00084036 Neuron_Slc17a7_Syt6-Fos.3_13
Neuron_Slc17a7_Syt6-Etv1.3_2        COVAR   15002     0.022617     0.063824    0.0085071    0.0039281 Neuron_Slc17a7_Syt6-Etv1.3_2
Neuron_Slc17a7_Syt6-Efna5.3_3       COVAR   15002     0.030058     0.082504    0.0098414    0.0011304 Neuron_Slc17a7_Syt6-Efna5.3_3
Neuron_Slc17a7_Syt6-Cyp26b1....     COVAR   15002      0.02225     0.061337    0.0096154     0.010342 Neuron_Slc17a7_Syt6-Cyp26b1.3_4
Neuron_Slc17a7_Syt6-Slc30a3....     COVAR   15002     0.026356     0.072596    0.0090778    0.0018486 Neuron_Slc17a7_Syt6-Slc30a3.3_5
Neuron_Slc17a7_Syt6-Slc24a2....     COVAR   15002     0.014921     0.041645    0.0067049     0.013035 Neuron_Slc17a7_Syt6-Slc24a2.3_6
Neuron_Slc17a7_Syt6-Lypd1.3_7       COVAR   15002     0.027772     0.076418    0.0098037    0.0023102 Neuron_Slc17a7_Syt6-Lypd1.3_7
NeuronSlc17a7-Slc17a6_Syt6-N...     COVAR   15002     0.026657     0.073693     0.009757    0.0031505 NeuronSlc17a7-Slc17a6_Syt6-Nnat.3_8
Neuron_Slc17a7_Syt6-Sema3c.3...     COVAR   15002     0.023806     0.065797    0.0094626    0.0059443 Neuron_Slc17a7_Syt6-Sema3c.3_9
Neuron_Slc17a6-Slc17a7-Slc17...     COVAR   15002     0.010587     0.029082    0.0098773       0.1419 Neuron_Slc17a6-Slc17a7-Slc17a8_Fezf2_Slc17a8.4_1
Neuron_Slc17a6-Slc17a7_Fezf2...     COVAR   15002     0.013761     0.039129    0.0073076     0.029858 Neuron_Slc17a6-Slc17a7_Fezf2_3110035E14Rik.4_2
Neuron_Slc17a6-Slc17a7_Nr4a2...     COVAR   15002     0.023097     0.063197    0.0092965    0.0064928 Neuron_Slc17a6-Slc17a7_Nr4a2.5_1
Neuron_Slc17a7_Nptxr-Calb1.6...     COVAR   15002     0.037685      0.10244    0.0094489   3.3439e-05 Neuron_Slc17a7_Nptxr-Calb1.6_1
Neuron_Slc17a7_Nptxr-Ndst4.6...     COVAR   15002     0.035223     0.097127    0.0090671   5.1472e-05 Neuron_Slc17a7_Nptxr-Ndst4.6_2
Neuron_Slc17a7-Slc17a6_Nptxr...     COVAR   15002     0.040619      0.11063    0.0098893   2.0123e-05 Neuron_Slc17a7-Slc17a6_Nptxr-Rorb.6_3
Neuron_Slc17a7_Nptxr-Deptor....     COVAR   15002     0.035709     0.097271     0.010298   0.00026356 Neuron_Slc17a7_Nptxr-Deptor.6_4
Neuron_Slc17a7_Nptxr-Fos.6_5        COVAR   15002     0.032974     0.090918    0.0090432   0.00013352 Neuron_Slc17a7_Nptxr-Fos.6_5
Neuron_Slc17a7_Nptxr-Drd1.6_6       COVAR   15002    0.0031731    0.0099325    0.0027762      0.12653 Neuron_Slc17a7_Nptxr-Drd1.6_6
Neuron_Slc17a7_Parm1_Ndnf.7_1       COVAR   15002      0.01789     0.049497    0.0087162     0.020069 Neuron_Slc17a7_Parm1_Ndnf.7_1
Neuron_Slc17a7_Parm1_Nnat.7_2       COVAR   15002     0.020244     0.056419    0.0085047    0.0086561 Neuron_Slc17a7_Parm1_Nnat.7_2
Neuron_Slc17a7_Parm1_Lsamp.7...     COVAR   15002     0.026177     0.071532    0.0095464    0.0030569 Neuron_Slc17a7_Parm1_Lsamp.7_3
Neuron_Slc17a7_Parm1_Fos.7_4        COVAR   15002     0.009165     0.028154    0.0044307     0.019305 Neuron_Slc17a7_Parm1_Fos.7_4
Neuron_Slc17a7_Parm1_Cadm2.7...     COVAR   15002     0.013654     0.038024    0.0060962     0.012563 Neuron_Slc17a7_Parm1_Cadm2.7_5
Neuron_Slc17a7_Parm1_Nefm.7_6       COVAR   15002     0.030418     0.082887    0.0095211    0.0007012 Neuron_Slc17a7_Parm1_Nefm.7_6
Neuron_Slc17a7_Parm1_Tshz2.7...     COVAR   15002     0.015603     0.043433      0.00791     0.024284 Neuron_Slc17a7_Parm1_Tshz2.7_7
Astrocyte_Gja1.8_1                  COVAR   15002   -0.0081319    -0.021026    0.0060693      0.90984 Astrocyte_Gja1.8_1
Astrocyte_Gja1_Myoc.8_2             COVAR   15002   -0.0080645     -0.02096    0.0058293      0.91672 Astrocyte_Gja1_Myoc.8_2
Oligodendrocyte_Tnf_Igsf8.9_1       COVAR   15002   -0.0043097    -0.011346    0.0057439      0.77346 Oligodendrocyte_Tnf_Igsf8.9_1
Oligodendrocyte_Tnf_Igsf8-Ct...     COVAR   15002   -0.0033592   -0.0092722    0.0047493       0.7603 Oligodendrocyte_Tnf_Igsf8-Ctps.9_2
Oligodendrocyte_Tnf_Kif5b.9_3       COVAR   15002    -0.009474    -0.025015    0.0059946      0.94298 Oligodendrocyte_Tnf_Kif5b.9_3
Oligodendrocyte_Tnf_Ptgds.9_4       COVAR   15002   -0.0028605   -0.0074724    0.0063185      0.67462 Oligodendrocyte_Tnf_Ptgds.9_4
Oligodendrocyte_Tnf_Klk6.9_5        COVAR   15002   -0.0043276    -0.011515    0.0057957      0.77237 Oligodendrocyte_Tnf_Klk6.9_5
