# TOTAL_GENES = 15002
# TEST_DIRECTION = one-sided, positive (set), one-sided, positive (covar)
# CONDITIONED_INTERNAL = gene size, gene density, inverse mac, log(gene size), log(gene density), log(inverse mac)
# CONDITIONED_HIDDEN = Average (covar)
VARIABLE                              TYPE  NGENES         BETA     BETA_STD           SE            P FULL_NAME
Neuron_Gad1Gad2_Pvalb_C1ql1....      COVAR   15002     0.012018     0.034195    0.0072904     0.049642 Neuron_Gad1Gad2_Pvalb_C1ql1.1_1
Neuron_Gad1Gad2_Sst_Pcdh11x....      COVAR   15002     0.011577     0.033417    0.0066693     0.041303 Neuron_Gad1Gad2_Sst_Pcdh11x.1_10
Gad1Gad2_Cplx3_Rxfp1.1_11            COVAR   15002    0.0073776      0.02103    0.0080735      0.18042 Gad1Gad2_Cplx3_Rxfp1.1_11
Gad1Gad2_Cplx3_Tox.1_12              COVAR   15002    0.0080455     0.023252    0.0071956      0.13177 Gad1Gad2_Cplx3_Tox.1_12
Gad1Gad2_Id2_Tac1.1_13               COVAR   15002    0.0077881     0.022389    0.0070927       0.1361 Gad1Gad2_Id2_Tac1.1_13
Gad1Gad2_Id2_Bcl11b.1_14             COVAR   15002    0.0093515     0.026313    0.0088233      0.14461 Gad1Gad2_Id2_Bcl11b.1_14
Gad1Gad2_Id2_Prlr.1_15               COVAR   15002     0.005604     0.015857    0.0084646      0.25397 Gad1Gad2_Id2_Prlr.1_15
Gad1Gad2_Htr3a_Nnat.1_16             COVAR   15002   -0.0050208    -0.014807    0.0061704      0.79209 Gad1Gad2_Htr3a_Nnat.1_16
Gad1Gad2Chat_Htr3a_Chat.1_17         COVAR   15002    0.0042252     0.011896    0.0084168      0.30784 Gad1Gad2Chat_Htr3a_Chat.1_17
Gad1Gad2_Htr3a_Phlda1.1_18           COVAR   15002   -0.0025138   -0.0072107    0.0072487      0.63562 Gad1Gad2_Htr3a_Phlda1.1_18
Gad1Gad2_Htr3a_Efba5.1_19            COVAR   15002     0.006975     0.020369    0.0063715      0.13683 Gad1Gad2_Htr3a_Efba5.1_19
Neuron_Gad1Gad2_Id2_Sfrp2.1_2        COVAR   15002     0.010203      0.03021    0.0059111     0.042177 Neuron_Gad1Gad2_Id2_Sfrp2.1_2
Gad1Gad2_Htr3a_Cpne5.1_20            COVAR   15002     -0.00772    -0.021876    0.0079255      0.83498 Gad1Gad2_Htr3a_Cpne5.1_20
Gad1Gad2_Htr3a_Ecel1.1_21            COVAR   15002   -0.0039019    -0.011167    0.0072474      0.70484 Gad1Gad2_Htr3a_Ecel1.1_21
Gad1Gad2_Htr3a_Ibsp.1_22             COVAR   15002   -0.0046265    -0.013273     0.007284      0.73733 Gad1Gad2_Htr3a_Ibsp.1_22
Gad1Gad2_Htr3a_Krt73.1_23            COVAR   15002  -0.00095772     -0.00269    0.0086205      0.54423 Gad1Gad2_Htr3a_Krt73.1_23
Gad1Gad2Slc17a8_Htr3a_Ktcd12...      COVAR   15002    0.0050299     0.014182    0.0083853      0.27431 Gad1Gad2Slc17a8_Htr3a_Ktcd12.1_24
Gad1Gad2_Htr3a_Chrm2.1_25            COVAR   15002   -0.0019945    -0.005815    0.0063528      0.62322 Gad1Gad2_Htr3a_Chrm2.1_25
Gad1Gad2_Htr3a_Htr1b.1_26            COVAR   15002    0.0013559    0.0038572    0.0079244      0.43207 Gad1Gad2_Htr3a_Htr1b.1_26
Gad1Gad2_Htr3a_Sema3c.1_27           COVAR   15002    0.0010509    0.0030733     0.006471      0.43549 Gad1Gad2_Htr3a_Sema3c.1_27
Neuron_Gad1Gad2_Sst_Atp2b4.1...      COVAR   15002    0.0080512     0.024267    0.0047826     0.046156 Neuron_Gad1Gad2_Sst_Atp2b4.1_3
Neuron_Gad1Gad2Slc17a8_Sst_N...      COVAR   15002     0.009142     0.025576    0.0079472      0.12501 Neuron_Gad1Gad2Slc17a8_Sst_Ncam2.1_4
Neuron_Gad1Gad2_Sst_Spon1.1_5        COVAR   15002     0.015212      0.04282    0.0071501     0.016694 Neuron_Gad1Gad2_Sst_Spon1.1_5
Neuron_Gad1Gad2_Pvalb_Tac1.1...      COVAR   15002     0.026861     0.074612    0.0079189   0.00034789 Neuron_Gad1Gad2_Pvalb_Tac1.1_6
Neuron_Gad1Gad2_Pvalb_Gfra1....      COVAR   15002    0.0084283     0.023789    0.0068524      0.10936 Neuron_Gad1Gad2_Pvalb_Gfra1.1_7
Neuron_Gad1Gad2_Sst_Rbp4.1_8         COVAR   15002     0.011584     0.032819    0.0074848      0.06086 Neuron_Gad1Gad2_Sst_Rbp4.1_8
Neuron_Gad1Gad2_Sst_Grm1.1_9         COVAR   15002    0.0060111     0.016966    0.0073554       0.2069 Neuron_Gad1Gad2_Sst_Grm1.1_9
Microglia_C1qb_Tmem119.10_1          COVAR   15002   -0.0038006    -0.010241    0.0045877      0.79628 Microglia_C1qb_Tmem119.10_1
Macrophage_C1qb_Mrc1.10_2            COVAR   15002  -0.00092323   -0.0027166       0.0034      0.60701 Macrophage_C1qb_Mrc1.10_2
Ependymal_Ccdc153.11_1               COVAR   15002   -0.0046629    -0.012268    0.0042984      0.86098 Ependymal_Ccdc153.11_1
Choroid_Plexus_Ttr.12_1              COVAR   15002   -0.0072065    -0.019393    0.0041144      0.96006 Choroid_Plexus_Ttr.12_1
Neurogenesis_Sox4_Efhd2.13_1         COVAR   15002   -0.0092595    -0.027043    0.0041728      0.98675 Neurogenesis_Sox4_Efhd2.13_1
Neurogenesis_Sox4_Hist1h2al....      COVAR   15002    -0.011862    -0.034154    0.0043215      0.99697 Neurogenesis_Sox4_Hist1h2al.13_2
Neurogenesis_Sox4_Cdc20.13_3         COVAR   15002   -0.0048916    -0.014527    0.0037078      0.90645 Neurogenesis_Sox4_Cdc20.13_3
Neurogenesis_Sox4_Gad2.13_4          COVAR   15002   -0.0023886   -0.0075871    0.0031938      0.77273 Neurogenesis_Sox4_Gad2.13_4
Neurogenesis_Sox4_Gabra5.13_5        COVAR   15002   -0.0024434   -0.0069974    0.0060413      0.65706 Neurogenesis_Sox4_Gabra5.13_5
Neurogenesis_Sox4_Ppp2r2b.13...      COVAR   15002    -0.004808    -0.014225    0.0046121       0.8514 Neurogenesis_Sox4_Ppp2r2b.13_6
Neuron_Slc17a6_Lhx1.14_1             COVAR   15002   -0.0097784     -0.02729    0.0069863      0.91918 Neuron_Slc17a6_Lhx1.14_1
Endothelial_Stalk_Flt1_Cdkn2...      COVAR   15002    -0.016741    -0.045236    0.0045151       0.9999 Endothelial_Stalk_Flt1_Cdkn2b.15_1
Endothelial_Stalk_Flt1_Lcn2....      COVAR   15002    -0.011611     -0.03284    0.0038987      0.99855 Endothelial_Stalk_Flt1_Lcn2.15_2
Mural_Rgs5Acta2_Cnn1.16_1            COVAR   15002    -0.014219    -0.038331    0.0045412      0.99913 Mural_Rgs5Acta2_Cnn1.16_1
Mural_Rgs5Acta2_Ccnd1.16_2           COVAR   15002    -0.014471    -0.040233    0.0042522      0.99967 Mural_Rgs5Acta2_Ccnd1.16_2
Mural_Rgs5Acta2_Kcnj8.16_3           COVAR   15002    -0.012269     -0.03579    0.0038516      0.99928 Mural_Rgs5Acta2_Kcnj8.16_3
Mural_Rgs5Acta2_Col3a1.16_4          COVAR   15002    -0.004067    -0.012685    0.0029764      0.91409 Mural_Rgs5Acta2_Col3a1.16_4
Endothelial_Tip_Dcn_Rbp4.17_1        COVAR   15002    -0.015432    -0.042222    0.0042629      0.99985 Endothelial_Tip_Dcn_Rbp4.17_1
Endothelial_Tip_Dcn_Agt.17_2         COVAR   15002   -0.0053645    -0.015964    0.0030681       0.9598 Endothelial_Tip_Dcn_Agt.17_2
Endothelial_Tip_Dcn_Mgp.17_3         COVAR   15002    -0.011114    -0.032054    0.0037471      0.99849 Endothelial_Tip_Dcn_Mgp.17_3
Endothelial_Tip_Dcn_Il33.17_4        COVAR   15002   -0.0077155    -0.022651    0.0035034      0.98617 Endothelial_Tip_Dcn_Il33.17_4
Neuron_Slc17a7_Cbln4.2_1             COVAR   15002     0.016125     0.045792    0.0082385     0.025165 Neuron_Slc17a7_Cbln4.2_1
Neuron_Slc17a6_Htr1a.2_2             COVAR   15002   0.00069924     0.001991    0.0078342      0.46444 Neuron_Slc17a6_Htr1a.2_2
Neuron_Slc17a6_Nts.2_3               COVAR   15002    0.0050656     0.014578    0.0071679      0.23988 Neuron_Slc17a6_Nts.2_3
Neuron_Slc17a6_Nnat.2_4              COVAR   15002    0.0074887     0.021492    0.0077165      0.16591 Neuron_Slc17a6_Nnat.2_4
Neuron_Slc17a6_Nell1.2_5             COVAR   15002     0.017099     0.047489    0.0093574     0.033838 Neuron_Slc17a6_Nell1.2_5
Neuron_Slc17a6_Nefm.2_6              COVAR   15002     0.013925     0.038666    0.0093814     0.068872 Neuron_Slc17a6_Nefm.2_6
Neuron_Slc17a6_Grp.2_7               COVAR   15002    0.0099258     0.027625    0.0090638      0.13675 Neuron_Slc17a6_Grp.2_7
Neuron_Slc17a7-Slc17a6_Nxph3...3     COVAR   15002   -0.0001883  -0.00054263    0.0073461      0.51022 Neuron_Slc17a7-Slc17a6_Nxph3-Nts.3_1
Neuron_Slc17a7_Nxph3-Sema3c....      COVAR   15002     0.032483     0.091285    0.0094216    0.0002835 Neuron_Slc17a7_Nxph3-Sema3c.3_10
Neuron_Slc17a7_Nxph3-Ajap1.3...      COVAR   15002     0.016595     0.047572     0.007392      0.01239 Neuron_Slc17a7_Nxph3-Ajap1.3_11
Neuron_Slc17a7-Slc17a6_Nxph3...1     COVAR   15002     0.009047     0.025216    0.0086795      0.14864 Neuron_Slc17a7-Slc17a6_Nxph3-Cbln2-Htr2c.3_2
Neuron_Slc17a7-Slc17a6_Nxph3...2     COVAR   15002     0.015599     0.043618    0.0085226     0.033612 Neuron_Slc17a7-Slc17a6_Nxph3-Cbln2-Kcnh8.3_3
Neuron_Slc17a7_Nxph3-Hpcal1-...2     COVAR   15002    0.0015829    0.0049552    0.0040089      0.34648 Neuron_Slc17a7_Nxph3-Hpcal1-Tpbg.3_4
Neuron_Slc17a7_Nxph3-Hpcal1-...1     COVAR   15002     0.010658     0.032542    0.0049004     0.014827 Neuron_Slc17a7_Nxph3-Hpcal1-Fos.3_5
Neuron_Slc17a7_Nxph3-Hpcal-I...      COVAR   15002     0.021552     0.060062    0.0098697     0.014504 Neuron_Slc17a7_Nxph3-Hpcal-Igfbp4.3_6
Neuron_Slc17a7_Nxph3-Hpcal-K...      COVAR   15002     0.018889     0.052733    0.0094235     0.022521 Neuron_Slc17a7_Nxph3-Hpcal-Krt12.3_7
Neuron_Slc17a7_Nxph3-Cplx3-H...      COVAR   15002     0.015495      0.04386    0.0080334     0.026887 Neuron_Slc17a7_Nxph3-Cplx3-Hs6st2.3_8
Neuron_Slc17a7_Nxph3-Cplx3-P...      COVAR   15002     0.011909      0.03463     0.006126     0.025956 Neuron_Slc17a7_Nxph3-Cplx3-Pappa2.3_9
Neuron_Slc17a7_C1ql2-Cck.4_1         COVAR   15002     0.026304     0.073071    0.0089362    0.0016253 Neuron_Slc17a7_C1ql2-Cck.4_1
Neuron_Slc17a7_C1ql2-Penk.4_2        COVAR   15002     0.034184     0.094963    0.0090831   8.4138e-05 Neuron_Slc17a7_C1ql2-Penk.4_2
Neuron_Slc17a7_Fibcd1-Lypd1....      COVAR   15002     0.026974     0.075097     0.010243    0.0042317 Neuron_Slc17a7_Fibcd1-Lypd1.5_1
Neuron_Slc17a7_Reln.5_10             COVAR   15002     0.010967     0.031717    0.0063172     0.041286 Neuron_Slc17a7_Reln.5_10
Neuron_Slc17a7_Cbln1-Gpr88.5...      COVAR   15002     0.025065     0.069373    0.0093139    0.0035643 Neuron_Slc17a7_Cbln1-Gpr88.5_11
Neuron_Slc17a7_Cbln1-Trps1.5...      COVAR   15002     0.023934     0.068429    0.0072986   0.00052169 Neuron_Slc17a7_Cbln1-Trps1.5_12
Neuron_Slc17a7_Ptgfr.5_13            COVAR   15002    0.0017815    0.0053131    0.0055885      0.37495 Neuron_Slc17a7_Ptgfr.5_13
Neuron_Slc17a7_Fezf2-Efna5.5...      COVAR   15002      0.02097     0.057949    0.0091978     0.011316 Neuron_Slc17a7_Fezf2-Efna5.5_14
Neuron_Slc17a7_Fezf2-Rxfp1.5...      COVAR   15002      0.02076      0.05805    0.0082549    0.0059601 Neuron_Slc17a7_Fezf2-Rxfp1.5_15
Neuron_Slc17a7_Fibcd1-Nrip3....      COVAR   15002     0.024285     0.068051    0.0092665    0.0043924 Neuron_Slc17a7_Fibcd1-Nrip3.5_2
Neuron_Slc17a7_Fibcd1-Nptx2....      COVAR   15002     0.023868     0.066389    0.0097093    0.0069874 Neuron_Slc17a7_Fibcd1-Nptx2.5_3
Neuron_Slc17a7_Fibcd1-Kitl.5...      COVAR   15002      0.02755     0.076724    0.0093405    0.0015938 Neuron_Slc17a7_Fibcd1-Kitl.5_4
Neuron_Slc17a7_Fibcd1-Grm5.5...      COVAR   15002     0.013307     0.037873    0.0057001    0.0097925 Neuron_Slc17a7_Fibcd1-Grm5.5_5
Neuron_Slc17a7_Dcn-Pou3f1.5_6        COVAR   15002      0.02296     0.063538     0.010229     0.012405 Neuron_Slc17a7_Dcn-Pou3f1.5_6
Neuron_Slc17a7_FIbcd1-Inhba....      COVAR   15002     0.024869      0.06928    0.0094993    0.0044269 Neuron_Slc17a7_FIbcd1-Inhba.5_7
Neuron_Slc17a7_Fibcd1-Fos.5_8        COVAR   15002     0.025805     0.073144    0.0085962    0.0013437 Neuron_Slc17a7_Fibcd1-Fos.5_8
Neuron_Slc17a7_Dcn-Camk2d.5_9        COVAR   15002     0.015525     0.043401    0.0079611     0.025594 Neuron_Slc17a7_Dcn-Camk2d.5_9
Neuron_Slc17a7_Pvrl3-Nos1.6_1        COVAR   15002     0.028033      0.07745    0.0096063    0.0017629 Neuron_Slc17a7_Pvrl3-Nos1.6_1
Neuron_Slc17a7_Pvrl3-Grm5.6_2        COVAR   15002     0.019977     0.054906    0.0070447    0.0022895 Neuron_Slc17a7_Pvrl3-Grm5.6_2
Neuron_Slc17a7_Pvrl3-St18.6_3        COVAR   15002     0.022662     0.062339     0.008791     0.004976 Neuron_Slc17a7_Pvrl3-St18.6_3
Neuron_Slc17a7_Rgs14.6_4             COVAR   15002     0.014736     0.040933    0.0080345     0.033326 Neuron_Slc17a7_Rgs14.6_4
Neuron_Slc17a7_Calb2-Vgll3.6...      COVAR   15002     0.013516     0.037796    0.0076132     0.037932 Neuron_Slc17a7_Calb2-Vgll3.6_5
Neuron_Slc17a7_Calb2-Adcyap1...      COVAR   15002     0.012549     0.034405    0.0085606     0.071356 Neuron_Slc17a7_Calb2-Adcyap1.6_6
Neuron_Slc17a7_Pvrl3-Inhba.6...      COVAR   15002     0.029453     0.081801    0.0089048   0.00047184 Neuron_Slc17a7_Pvrl3-Inhba.6_7
Neuron_Slc17a7_Pvrl3-Fos.6_8         COVAR   15002     0.019569     0.055118    0.0081715    0.0083203 Neuron_Slc17a7_Pvrl3-Fos.6_8
Astrocyte_Gja1_Nnat.7_1              COVAR   15002    -0.011022    -0.028551    0.0055672      0.97613 Astrocyte_Gja1_Nnat.7_1
Astrocyte_Gja1_Myoc.7_2              COVAR   15002   -0.0094808    -0.024902    0.0053272      0.96242 Astrocyte_Gja1_Myoc.7_2
Astrocyte_Gja1_Fabp7.7_3             COVAR   15002    -0.006578    -0.017824    0.0050702      0.90274 Astrocyte_Gja1_Fabp7.7_3
Oligodendrocyte_Trf_Plin3.8_1        COVAR   15002   -0.0059001    -0.015846    0.0051914      0.87212 Oligodendrocyte_Trf_Plin3.8_1
Oligodendrocyte_Trf_Ndrg2.8_2        COVAR   15002   -0.0030752   -0.0082988    0.0052798      0.71986 Oligodendrocyte_Trf_Ndrg2.8_2
Oligodendrocyte_Trf_Il33.8_3         COVAR   15002   -0.0053735    -0.014232    0.0056375      0.82974 Oligodendrocyte_Trf_Il33.8_3
Oligodendrocyte_Trf_Man1a.8_4        COVAR   15002   -0.0047281    -0.012738    0.0052041      0.81819 Oligodendrocyte_Trf_Man1a.8_4
Oligodendrocyte_Trf_Ctps.8_5         COVAR   15002  -0.00066038    -0.001955    0.0034511      0.57587 Oligodendrocyte_Trf_Ctps.8_5
Polydendrocyte_Tnr_Pdgfa.9_1         COVAR   15002    -0.010514    -0.029163    0.0051351      0.97969 Polydendrocyte_Tnr_Pdgfa.9_1
Polydendrocyte_Tnr_Bmp4.9_2          COVAR   15002    -0.013918    -0.039857    0.0051279      0.99667 Polydendrocyte_Tnr_Bmp4.9_2
Polydendrocyte_Tnr_Cspg5.9_3         COVAR   15002     -0.01345    -0.037409    0.0058677      0.98905 Polydendrocyte_Tnr_Cspg5.9_3
Polydendrocyte_Tnr_Ptprz1.9_4        COVAR   15002    -0.010148    -0.028467    0.0056751      0.96312 Polydendrocyte_Tnr_Ptprz1.9_4
