# MEAN_SAMPLE_SIZE = 68990
# TOTAL_GENES = 15085
# TEST_DIRECTION = one-sided, positive (set), one-sided, positive (covar)
# CONDITIONED_INTERNAL = gene size, gene density, sample size, inverse mac, log(gene size), log(gene density), log(sample size), log(inverse mac)
# CONDITIONED_HIDDEN = Average (covar)
VARIABLE                              TYPE  NGENES         BETA     BETA_STD           SE            P FULL_NAME
Neuron_Slc17a7_Syt6-Cplx3.1_1        COVAR   15085     0.012255     0.034374    0.0086542      0.07838 Neuron_Slc17a7_Syt6-Cplx3.1_1
Neuron_Slc17a7-Slc17a8_Syt6-...      COVAR   15085    0.0025162    0.0074865    0.0053312      0.31847 Neuron_Slc17a7-Slc17a8_Syt6-Lancl3.1_2
Neuron_Slc17a7_Syt6-Tshz2-Nr...      COVAR   15085     0.030537     0.085094    0.0098849    0.0010052 Neuron_Slc17a7_Syt6-Tshz2-Nrep.1_3
Neuron_Slc17a7_Syt6-Sla.1_4          COVAR   15085     0.041958      0.11628     0.010616   3.8901e-05 Neuron_Slc17a7_Syt6-Sla.1_4
Neuron_Slc17a7_Syt6-Nnat.1_5         COVAR   15085     0.017269     0.049089    0.0079684      0.01512 Neuron_Slc17a7_Syt6-Nnat.1_5
Neuron_Slc17a7_Syt6-Slc24a2....      COVAR   15085     0.012576     0.036394    0.0057847     0.014861 Neuron_Slc17a7_Syt6-Slc24a2.1_6
Neuron_Slc17a7_Syt6-Tox.1_7          COVAR   15085     0.036739      0.10269     0.010108   0.00013958 Neuron_Slc17a7_Syt6-Tox.1_7
Neuron_Slc17a7_Syt6-Nefm.1_8         COVAR   15085     0.038695      0.10724     0.010459   0.00010837 Neuron_Slc17a7_Syt6-Nefm.1_8
Neuron_Slc17a7_Syt6-Fos.1_9          COVAR   15085      0.03024     0.084512    0.0097564   0.00097117 Neuron_Slc17a7_Syt6-Fos.1_9
Polydendrocyte_Tnr_Cspg5.10_1        COVAR   15085   -0.0027655   -0.0076457    0.0059017      0.68031 Polydendrocyte_Tnr_Cspg5.10_1
Polydendrocyte_Tnr_Dlx1.10_2         COVAR   15085    -0.006269     -0.01887    0.0036572      0.95674 Polydendrocyte_Tnr_Dlx1.10_2
Polydendrocyte_Tnr_Tmsb4x.10...      COVAR   15085   -0.0088051     -0.02488    0.0050368      0.95977 Polydendrocyte_Tnr_Tmsb4x.10_3
Polydendrocyte_Tnr_Lims2-Tms...      COVAR   15085   -0.0060694    -0.018092    0.0043726      0.91743 Polydendrocyte_Tnr_Lims2-Tmsb4x.10_4
Microglia_C1qb_Tmem119.11_1          COVAR   15085   0.00016622    0.0004456    0.0054931      0.48793 Microglia_C1qb_Tmem119.11_1
Macrophage_C1qb_Mrc1.11_2            COVAR   15085   -0.0056563    -0.016261    0.0039089      0.92605 Macrophage_C1qb_Mrc1.11_2
Microglia_C1qb_Tmem119-Fos.1...      COVAR   15085   -0.0055318    -0.016783    0.0024998      0.98654 Microglia_C1qb_Tmem119-Fos.11_3
Microglia_C1qb_Tmem119-Junb....      COVAR   15085    -0.002718   -0.0076341    0.0025815       0.8538 Microglia_C1qb_Tmem119-Junb.11_4
Endothelial_Stalk_Flt1_Car4....      COVAR   15085    -0.011226    -0.030775    0.0045657      0.99302 Endothelial_Stalk_Flt1_Car4.12_1
Endothelial_Stalk_Flt1_Vwf.1...      COVAR   15085   -0.0086626    -0.023901    0.0042977      0.97807 Endothelial_Stalk_Flt1_Vwf.12_2
Endothelial_Stalk_Flt1_Gm994...      COVAR   15085   -0.0097743    -0.026441    0.0046426      0.98236 Endothelial_Stalk_Flt1_Gm9946.12_3
Endothelial_Stalk_Flt1_Gkn3....      COVAR   15085    -0.010511    -0.029315    0.0041063      0.99476 Endothelial_Stalk_Flt1_Gkn3.12_4
Mural_Acta2Rgs5_Acta2.13_1           COVAR   15085    -0.014707    -0.040421    0.0043885       0.9996 Mural_Acta2Rgs5_Acta2.13_1
Mural_Acta2Rgs5_Fos.13_2             COVAR   15085   -0.0039952    -0.012332    0.0027368      0.92782 Mural_Acta2Rgs5_Fos.13_2
Mural_Acta2Rgs5Rgs5.13_3             COVAR   15085    -0.013552    -0.037994    0.0042065      0.99936 Mural_Acta2Rgs5Rgs5.13_3
Mural_Acta2Rgs5_Kcnj8-Abcc9....      COVAR   15085     -0.01157    -0.035317    0.0033562      0.99972 Mural_Acta2Rgs5_Kcnj8-Abcc9.13_4
Mural_Acta2Rgs5_Abcc9.13_5           COVAR   15085   -0.0091924    -0.028954    0.0029137       0.9992 Mural_Acta2Rgs5_Abcc9.13_5
Endothelial_Tip_Dcn_Mgp-Penk...      COVAR   15085   -0.0048975    -0.013343     0.004897      0.84136 Endothelial_Tip_Dcn_Mgp-Penk.14_1
Endothelial_Tip_Dcn_Mgp-Clu....      COVAR   15085   -0.0085903    -0.024189     0.004204      0.97948 Endothelial_Tip_Dcn_Mgp-Clu.14_2
Endothelial_Tip_Dcn_Nnat.14_3        COVAR   15085   -0.0080522    -0.022557     0.003763      0.98381 Endothelial_Tip_Dcn_Nnat.14_3
Endothelial_Tip_Dcn_Coch.14_4        COVAR   15085    -0.012893    -0.035794    0.0041126      0.99914 Endothelial_Tip_Dcn_Coch.14_4
Endothelial_Tip_Dcn_Inmt.14_5        COVAR   15085   -0.0089083    -0.026843    0.0032349      0.99705 Endothelial_Tip_Dcn_Inmt.14_5
Neuron_Sc17a7_Calb1-Ddit4l.2...      COVAR   15085     0.036824      0.10085     0.010342   0.00018554 Neuron_Sc17a7_Calb1-Ddit4l.2_1
Neuron_Slc17a7-Slc17a6_Rorb-...      COVAR   15085     0.038743      0.10696     0.010683   0.00014405 Neuron_Slc17a7-Slc17a6_Rorb-Pcdh20.2_10
Neuron_Sc17a7_Rorb-Gpr83.2_11        COVAR   15085     0.037732      0.10387     0.011151   0.00035846 Neuron_Sc17a7_Rorb-Gpr83.2_11
Neuron_Sc17a7_Fermt1.2_12            COVAR   15085     0.033852     0.093249    0.0097834   0.00027068 Neuron_Sc17a7_Fermt1.2_12
Neuron_Slc17a7-Slc17a6_Calb1...      COVAR   15085     0.041854      0.11522     0.011456    0.0001299 Neuron_Slc17a7-Slc17a6_Calb1-Rorb-Il1rapl2.2_13
Neuron_Slc17a7-Slc17a6_Tshz2...7     COVAR   15085     0.024074     0.066334      0.01152     0.018327 Neuron_Slc17a7-Slc17a6_Tshz2.2_14
Neuron_Sc17a7_Oprk1.2_15             COVAR   15085     0.018048     0.050351    0.0080883     0.012836 Neuron_Sc17a7_Oprk1.2_15
Neuron_Sc17a7_Crym.2_16              COVAR   15085     0.026197     0.071676     0.010211    0.0051548 Neuron_Sc17a7_Crym.2_16
Neuron_Sc17a7_Sema3e-Nnat.2_...      COVAR   15085     0.033124     0.091285     0.011141    0.0014769 Neuron_Sc17a7_Sema3e-Nnat.2_17
Neuron_Sc17a7_Sema3e-Onecut2...      COVAR   15085     0.033892     0.093602      0.01041   0.00056658 Neuron_Sc17a7_Sema3e-Onecut2.2_18
Neuron_Sc17a7_Calb1-Tshz2.2_2        COVAR   15085     0.028461     0.078664     0.010919     0.004576 Neuron_Sc17a7_Calb1-Tshz2.2_2
Neuron_Sc17a7_Tshz2-Smoc1.2_3        COVAR   15085     0.010862     0.030429    0.0088268      0.10925 Neuron_Sc17a7_Tshz2-Smoc1.2_3
Neuron_Sc17a7_Calb1-Fos.2_4          COVAR   15085     0.026463     0.073018    0.0093431     0.002314 Neuron_Sc17a7_Calb1-Fos.2_4
Neuron_Sc17a7_Calb1-Lpl.2_5          COVAR   15085     0.036152     0.098901     0.010577   0.00031612 Neuron_Sc17a7_Calb1-Lpl.2_5
Neuron_Sc17a7_Calb1-Otof.2_6         COVAR   15085     0.033129      0.09059    0.0098156    0.0003699 Neuron_Sc17a7_Calb1-Otof.2_6
Neuron_Sc17a7_Calb1-Lpl-Penk...      COVAR   15085     0.031158     0.085732    0.0093866    0.0004522 Neuron_Sc17a7_Calb1-Lpl-Penk.2_7
Neuron_Sc17a7_Calb1-Lpl-Cadm...      COVAR   15085     0.013287     0.037924    0.0058749     0.011866 Neuron_Sc17a7_Calb1-Lpl-Cadm2.2_8
Neuron_Sc17a7_Rorb-BC006965....      COVAR   15085     0.038525      0.10637     0.010592   0.00013839 Neuron_Sc17a7_Rorb-BC006965.2_9
Neuron_Slc17a7_Bcl6-Cbln1.3_1        COVAR   15085     0.018951     0.052687    0.0091327        0.019 Neuron_Slc17a7_Bcl6-Cbln1.3_1
Neuron_Slc17a7_Bcl6-Npnt.3_10        COVAR   15085     0.022007     0.061452    0.0090255    0.0073841 Neuron_Slc17a7_Bcl6-Npnt.3_10
Neuron_Slc17a7_Bcl6-Dditl.3_2        COVAR   15085     0.023904     0.067017     0.008847    0.0034503 Neuron_Slc17a7_Bcl6-Dditl.3_2
Neuron_Slc17a7_Bcl6-C1ql2.3_3        COVAR   15085     0.013371     0.037136     0.009552      0.08079 Neuron_Slc17a7_Bcl6-C1ql2.3_3
Neuron_Slc17a7_Bcl6-Tcerg1l....      COVAR   15085     0.026325     0.072871      0.01028    0.0052267 Neuron_Slc17a7_Bcl6-Tcerg1l.3_4
Neuron_Slc17a7_Bcl6-Fos.3_5          COVAR   15085     0.019985     0.055557    0.0090513     0.013632 Neuron_Slc17a7_Bcl6-Fos.3_5
Neuron_Slc17a7_Bcl6-Ndst4.3_6        COVAR   15085    0.0050929     0.015523    0.0044395      0.12566 Neuron_Slc17a7_Bcl6-Ndst4.3_6
Neuron_Slc17a7_Bcl6-Ptgfr.3_7        COVAR   15085   0.00092803     0.002935    0.0036058      0.39845 Neuron_Slc17a7_Bcl6-Ptgfr.3_7
Neuron_Slc17a7_Bcl6-Tshz2-Sy...      COVAR   15085     0.017352     0.048302    0.0082585     0.017822 Neuron_Slc17a7_Bcl6-Tshz2-Syt2.3_8
Neuron_Slc17a7_Bcl6-Pvalb.3_9        COVAR   15085     0.021751     0.060269    0.0088009     0.006735 Neuron_Slc17a7_Bcl6-Pvalb.3_9
Neuron_Gad1Gad2_Cplx3-Reln.4...      COVAR   15085     0.008881     0.024707    0.0084383       0.1463 Neuron_Gad1Gad2_Cplx3-Reln.4_1
Neuron_Gad1Gad2_Cplx3-Npy.4_2        COVAR   15085    0.0048459     0.013627    0.0074364      0.25732 Neuron_Gad1Gad2_Cplx3-Npy.4_2
Neuron_Gad1Gad2_Cplx3-Egln3....      COVAR   15085     0.012263     0.034988    0.0072231     0.044784 Neuron_Gad1Gad2_Cplx3-Egln3.4_3
Neuron_Gad1Gad2-Slc17a8_Synp...      COVAR   15085     0.004737     0.013572     0.006127      0.21973 Neuron_Gad1Gad2-Slc17a8_Synpr-Sncg-Yjefn3.4_4
Neuron_Gad1Gad2_Synpr-Sncg.4...      COVAR   15085    0.0029301    0.0084857     0.005987      0.31228 Neuron_Gad1Gad2_Synpr-Sncg.4_5
Neuron_Gad1Gad2_Synpr-Nnat.4...      COVAR   15085  -0.00063298   -0.0019122    0.0049041      0.55135 Neuron_Gad1Gad2_Synpr-Nnat.4_6
Neuron_Gad1Gad2_Synpr-Crispl...      COVAR   15085    0.0020688    0.0058988    0.0064194      0.37362 Neuron_Gad1Gad2_Synpr-Crispld2.4_7
Neuron_Gad1Gad2-Chat_Synpr-S...      COVAR   15085     0.020229     0.056417    0.0078258    0.0048746 Neuron_Gad1Gad2-Chat_Synpr-Slc5a7.4_8
Neuron_Gad1Gad2_Synpr-Pcdh11...      COVAR   15085      0.01534      0.04291    0.0076016     0.021809 Neuron_Gad1Gad2_Synpr-Pcdh11x.4_9
Neuron_Gad1Gad2_Pvalb-Unc5b....      COVAR   15085  -7.8722e-05  -0.00024174    0.0041085      0.50764 Neuron_Gad1Gad2_Pvalb-Unc5b.5_1
Neuron_Gad1Gad2_Pvalb-Nefm.5...      COVAR   15085     0.022631     0.061773    0.0077617    0.0017772 Neuron_Gad1Gad2_Pvalb-Nefm.5_2
Neuron_Gad1Gad2_Pvalb-Cartpt...      COVAR   15085     0.021642     0.059523     0.007934    0.0031923 Neuron_Gad1Gad2_Pvalb-Cartpt.5_3
Neuron_Gad1Gad2-Th_Nr4a2.5_4         COVAR   15085    0.0015065    0.0045701    0.0043944      0.36587 Neuron_Gad1Gad2-Th_Nr4a2.5_4
Neuron_Gad1Gad2_Sst-Crh.5_5          COVAR   15085    0.0055474     0.015614    0.0069436      0.21218 Neuron_Gad1Gad2_Sst-Crh.5_5
Neuron_Gad1Gad2_Sst-Pdyn.5_6         COVAR   15085    0.0071032     0.019475    0.0078973      0.18422 Neuron_Gad1Gad2_Sst-Pdyn.5_6
Neuron_Gad1Gad2_Sst-Nr2f2.5_7        COVAR   15085    0.0014123    0.0041689    0.0052281      0.39353 Neuron_Gad1Gad2_Sst-Nr2f2.5_7
Neuron_Slc17a7-Slc17a6_Shisa...      COVAR   15085    0.0054647      0.01508     0.010617      0.30337 Neuron_Slc17a7-Slc17a6_Shisa8.6_1
Neuron_Slc17a7-Slc17a6_Tshz2...2     COVAR   15085    0.0036647     0.011109    0.0050726      0.23502 Neuron_Slc17a7-Slc17a6_Tshz2-Fos.6_2
Neuron_Slc17a7-Slc17a6_Tshz2...6     COVAR   15085    0.0066774     0.019027    0.0082686      0.20968 Neuron_Slc17a7-Slc17a6_Tshz2-Rasd1.6_3
Neuron_Slc17a7-Slc17a6_Tshz2...3     COVAR   15085    0.0044495     0.012985    0.0064102       0.2438 Neuron_Slc17a7-Slc17a6_Tshz2-Nnat.6_4
Neuron_Slc17a7-Slc17a6_Tshz2...1     COVAR   15085     0.014159     0.039062     0.010026     0.078949 Neuron_Slc17a7-Slc17a6_Tshz2-Cabp7.6_5
Neuron_Slc17a7-Slc17a6_Tshz2...4     COVAR   15085     0.021203     0.058575     0.010724     0.024015 Neuron_Slc17a7-Slc17a6_Tshz2-Npnt.6_6
Neuron_Slc17a7-Slc17a6_Tshz2...5     COVAR   15085     0.016283     0.045952    0.0084979     0.027685 Neuron_Slc17a7-Slc17a6_Tshz2-Prlr.6_7
Neuron_Slc17a7-Slc17a8_Fezf2...      COVAR   15085    0.0066541     0.018724    0.0084614      0.21582 Neuron_Slc17a7-Slc17a8_Fezf2-Slc17a8.7_1
Neuron_Slc17a7-Slc17a6_Fezf2...2     COVAR   15085   -0.0035366   -0.0098363    0.0089423      0.65376 Neuron_Slc17a7-Slc17a6_Fezf2-Htr2c.7_2
Neuron_Slc17a7-Slc17a6_Fezf2...1     COVAR   15085   -0.0024072   -0.0068966     0.007404      0.62745 Neuron_Slc17a7-Slc17a6_Fezf2-3110035E14Rik.7_3
Astrocyte_Gja1_Igfbp2.8_1            COVAR   15085    -0.011188     -0.02927     0.005469       0.9796 Astrocyte_Gja1_Igfbp2.8_1
Astrocyte_Gja1_Myoc.8_2              COVAR   15085    -0.010565    -0.027519     0.005483      0.97299 Astrocyte_Gja1_Myoc.8_2
Astrocyte_Gja1_Sparc.8_3             COVAR   15085    -0.007451    -0.019725    0.0052719      0.92121 Astrocyte_Gja1_Sparc.8_3
Oligodendrocyte_Tfr_Ctps.9_1         COVAR   15085   0.00054179    0.0014487    0.0053243      0.45948 Oligodendrocyte_Tfr_Ctps.9_1
Oligodendrocyte_Tfr_Tmem2.9_2        COVAR   15085   -0.0041243    -0.012404    0.0035449      0.87767 Oligodendrocyte_Tfr_Tmem2.9_2
Oligodendrocyte_Tfr_Klk6.9_3         COVAR   15085   -0.0037908    -0.010337    0.0050015      0.77575 Oligodendrocyte_Tfr_Klk6.9_3
Oligodendrocyte_Tfr_Il33.9_4         COVAR   15085   -0.0038427    -0.010215    0.0056923      0.75018 Oligodendrocyte_Tfr_Il33.9_4
Oligodendrocyte_Tfr_Sez6.9_5         COVAR   15085  -0.00066747   -0.0018339    0.0049263      0.55389 Oligodendrocyte_Tfr_Sez6.9_5
