# TOTAL_GENES = 15078
# TEST_DIRECTION = one-sided, positive (set), one-sided, positive (covar)
# CONDITIONED_INTERNAL = gene size, gene density, inverse mac, log(gene size), log(gene density), log(inverse mac)
# CONDITIONED_HIDDEN = Average (covar)
VARIABLE                              TYPE  NGENES         BETA     BETA_STD           SE            P FULL_NAME
Neuron_Gad1Gad2_Pvalb_C1ql1....      COVAR   15078    0.0064546     0.018364    0.0069713      0.17726 Neuron_Gad1Gad2_Pvalb_C1ql1.1_1
Neuron_Gad1Gad2_Sst_Pcdh11x....      COVAR   15078     0.010496     0.030293    0.0064526     0.051919 Neuron_Gad1Gad2_Sst_Pcdh11x.1_10
Gad1Gad2_Cplx3_Rxfp1.1_11            COVAR   15078  -0.00052731   -0.0015031    0.0077531      0.52711 Gad1Gad2_Cplx3_Rxfp1.1_11
Gad1Gad2_Cplx3_Tox.1_12              COVAR   15078   -0.0035978    -0.010396     0.006928      0.69822 Gad1Gad2_Cplx3_Tox.1_12
Gad1Gad2_Id2_Tac1.1_13               COVAR   15078    0.0034359    0.0098747    0.0067956      0.30657 Gad1Gad2_Id2_Tac1.1_13
Gad1Gad2_Id2_Bcl11b.1_14             COVAR   15078   -0.0051618    -0.014524    0.0084458      0.72945 Gad1Gad2_Id2_Bcl11b.1_14
Gad1Gad2_Id2_Prlr.1_15               COVAR   15078   -0.0071262    -0.020162    0.0080895      0.81081 Gad1Gad2_Id2_Prlr.1_15
Gad1Gad2_Htr3a_Nnat.1_16             COVAR   15078     0.006974     0.020565    0.0059773      0.12167 Gad1Gad2_Htr3a_Nnat.1_16
Gad1Gad2Chat_Htr3a_Chat.1_17         COVAR   15078    0.0043099     0.012137    0.0081168      0.29772 Gad1Gad2Chat_Htr3a_Chat.1_17
Gad1Gad2_Htr3a_Phlda1.1_18           COVAR   15078     0.007961     0.022831    0.0069489      0.12598 Gad1Gad2_Htr3a_Phlda1.1_18
Gad1Gad2_Htr3a_Efba5.1_19            COVAR   15078    0.0042381     0.012374    0.0061172      0.24422 Gad1Gad2_Htr3a_Efba5.1_19
Neuron_Gad1Gad2_Id2_Sfrp2.1_2        COVAR   15078   -0.0031239   -0.0092467    0.0056511      0.70979 Neuron_Gad1Gad2_Id2_Sfrp2.1_2
Gad1Gad2_Htr3a_Cpne5.1_20            COVAR   15078   0.00018117   0.00051336    0.0076334      0.49053 Gad1Gad2_Htr3a_Cpne5.1_20
Gad1Gad2_Htr3a_Ecel1.1_21            COVAR   15078  -0.00034343  -0.00098291    0.0069617      0.51967 Gad1Gad2_Htr3a_Ecel1.1_21
Gad1Gad2_Htr3a_Ibsp.1_22             COVAR   15078    0.0014704    0.0042183     0.006997      0.41678 Gad1Gad2_Htr3a_Ibsp.1_22
Gad1Gad2_Htr3a_Krt73.1_23            COVAR   15078    0.0071381     0.020051    0.0083081      0.19513 Gad1Gad2_Htr3a_Krt73.1_23
Gad1Gad2Slc17a8_Htr3a_Ktcd12...      COVAR   15078    0.0083294     0.023487    0.0080762       0.1512 Gad1Gad2Slc17a8_Htr3a_Ktcd12.1_24
Gad1Gad2_Htr3a_Chrm2.1_25            COVAR   15078     0.015064     0.043922    0.0061212    0.0069342 Gad1Gad2_Htr3a_Chrm2.1_25
Gad1Gad2_Htr3a_Htr1b.1_26            COVAR   15078    0.0019554    0.0055628    0.0075774      0.39818 Gad1Gad2_Htr3a_Htr1b.1_26
Gad1Gad2_Htr3a_Sema3c.1_27           COVAR   15078    0.0016209    0.0047398     0.006227      0.39732 Gad1Gad2_Htr3a_Sema3c.1_27
Neuron_Gad1Gad2_Sst_Atp2b4.1...      COVAR   15078   -0.0021959   -0.0066172    0.0045882      0.68388 Neuron_Gad1Gad2_Sst_Atp2b4.1_3
Neuron_Gad1Gad2Slc17a8_Sst_N...      COVAR   15078    0.0062636     0.017522    0.0076445       0.2063 Neuron_Gad1Gad2Slc17a8_Sst_Ncam2.1_4
Neuron_Gad1Gad2_Sst_Spon1.1_5        COVAR   15078     0.010333     0.029083    0.0068516     0.065784 Neuron_Gad1Gad2_Sst_Spon1.1_5
Neuron_Gad1Gad2_Pvalb_Tac1.1...      COVAR   15078     0.012289     0.034129    0.0076012     0.052987 Neuron_Gad1Gad2_Pvalb_Tac1.1_6
Neuron_Gad1Gad2_Pvalb_Gfra1....      COVAR   15078    0.0068697     0.019384    0.0065656      0.14771 Neuron_Gad1Gad2_Pvalb_Gfra1.1_7
Neuron_Gad1Gad2_Sst_Rbp4.1_8         COVAR   15078   -0.0021831   -0.0061846    0.0071805      0.61945 Neuron_Gad1Gad2_Sst_Rbp4.1_8
Neuron_Gad1Gad2_Sst_Grm1.1_9         COVAR   15078    0.0084483     0.023844    0.0070378        0.115 Neuron_Gad1Gad2_Sst_Grm1.1_9
Microglia_C1qb_Tmem119.10_1          COVAR   15078   -0.0019642   -0.0052929     0.004382      0.67301 Microglia_C1qb_Tmem119.10_1
Macrophage_C1qb_Mrc1.10_2            COVAR   15078   6.9621e-05   0.00020482     0.003256      0.49147 Macrophage_C1qb_Mrc1.10_2
Ependymal_Ccdc153.11_1               COVAR   15078    0.0052549     0.013828    0.0041422       0.1023 Ependymal_Ccdc153.11_1
Choroid_Plexus_Ttr.12_1              COVAR   15078    0.0038538     0.010368    0.0039527      0.16479 Choroid_Plexus_Ttr.12_1
Neurogenesis_Sox4_Efhd2.13_1         COVAR   15078   -0.0048098    -0.014047    0.0039779      0.88668 Neurogenesis_Sox4_Efhd2.13_1
Neurogenesis_Sox4_Hist1h2al....      COVAR   15078    0.0029051     0.008364    0.0041186       0.2403 Neurogenesis_Sox4_Hist1h2al.13_2
Neurogenesis_Sox4_Cdc20.13_3         COVAR   15078    0.0033433    0.0099268    0.0035567      0.17362 Neurogenesis_Sox4_Cdc20.13_3
Neurogenesis_Sox4_Gad2.13_4          COVAR   15078    -0.004028    -0.012791     0.003073      0.90503 Neurogenesis_Sox4_Gad2.13_4
Neurogenesis_Sox4_Gabra5.13_5        COVAR   15078   -0.0047471    -0.013595    0.0057987       0.7935 Neurogenesis_Sox4_Gabra5.13_5
Neurogenesis_Sox4_Ppp2r2b.13...      COVAR   15078   -0.0053834    -0.015924    0.0043975      0.88955 Neurogenesis_Sox4_Ppp2r2b.13_6
Neuron_Slc17a6_Lhx1.14_1             COVAR   15078    -0.011145    -0.031103    0.0066608      0.95285 Neuron_Slc17a6_Lhx1.14_1
Endothelial_Stalk_Flt1_Cdkn2...      COVAR   15078    0.0070823     0.019135    0.0043074     0.050078 Endothelial_Stalk_Flt1_Cdkn2b.15_1
Endothelial_Stalk_Flt1_Lcn2....      COVAR   15078    0.0051663     0.014613    0.0037133     0.082079 Endothelial_Stalk_Flt1_Lcn2.15_2
Mural_Rgs5Acta2_Cnn1.16_1            COVAR   15078   -0.0029838   -0.0080442    0.0043593      0.75315 Mural_Rgs5Acta2_Cnn1.16_1
Mural_Rgs5Acta2_Ccnd1.16_2           COVAR   15078    0.0021611    0.0060084    0.0040845      0.29837 Mural_Rgs5Acta2_Ccnd1.16_2
Mural_Rgs5Acta2_Kcnj8.16_3           COVAR   15078    0.0025055    0.0073079    0.0036797      0.24797 Mural_Rgs5Acta2_Kcnj8.16_3
Mural_Rgs5Acta2_Col3a1.16_4          COVAR   15078   -0.0015099   -0.0047091    0.0028377      0.70267 Mural_Rgs5Acta2_Col3a1.16_4
Endothelial_Tip_Dcn_Rbp4.17_1        COVAR   15078    0.0023758     0.006501    0.0040643      0.27943 Endothelial_Tip_Dcn_Rbp4.17_1
Endothelial_Tip_Dcn_Agt.17_2         COVAR   15078    0.0028681    0.0085349    0.0029504      0.16551 Endothelial_Tip_Dcn_Agt.17_2
Endothelial_Tip_Dcn_Mgp.17_3         COVAR   15078    0.0045078     0.012999    0.0035894      0.10459 Endothelial_Tip_Dcn_Mgp.17_3
Endothelial_Tip_Dcn_Il33.17_4        COVAR   15078     0.002888     0.008476    0.0033657      0.19543 Endothelial_Tip_Dcn_Il33.17_4
Neuron_Slc17a7_Cbln4.2_1             COVAR   15078   -0.0021977   -0.0062416    0.0079689      0.60864 Neuron_Slc17a7_Cbln4.2_1
Neuron_Slc17a6_Htr1a.2_2             COVAR   15078    0.0020483    0.0058314    0.0075198      0.39266 Neuron_Slc17a6_Htr1a.2_2
Neuron_Slc17a6_Nts.2_3               COVAR   15078    0.0014849     0.004273     0.006858       0.4143 Neuron_Slc17a6_Nts.2_3
Neuron_Slc17a6_Nnat.2_4              COVAR   15078    -0.012894     -0.03701    0.0073925      0.95943 Neuron_Slc17a6_Nnat.2_4
Neuron_Slc17a6_Nell1.2_5             COVAR   15078   -0.0035866   -0.0099616    0.0089974      0.65491 Neuron_Slc17a6_Nell1.2_5
Neuron_Slc17a6_Nefm.2_6              COVAR   15078   -0.0038568    -0.010708    0.0089958      0.66594 Neuron_Slc17a6_Nefm.2_6
Neuron_Slc17a6_Grp.2_7               COVAR   15078    -0.011858       -0.033    0.0087414      0.91252 Neuron_Slc17a6_Grp.2_7
Neuron_Slc17a7-Slc17a6_Nxph3...3     COVAR   15078    -0.014614    -0.042108    0.0070395      0.98104 Neuron_Slc17a7-Slc17a6_Nxph3-Nts.3_1
Neuron_Slc17a7_Nxph3-Sema3c....      COVAR   15078    -0.013632    -0.038303    0.0089859      0.93536 Neuron_Slc17a7_Nxph3-Sema3c.3_10
Neuron_Slc17a7_Nxph3-Ajap1.3...      COVAR   15078    -0.012208    -0.034991    0.0070806      0.95764 Neuron_Slc17a7_Nxph3-Ajap1.3_11
Neuron_Slc17a7-Slc17a6_Nxph3...1     COVAR   15078    -0.022013    -0.061348    0.0082926      0.99602 Neuron_Slc17a7-Slc17a6_Nxph3-Cbln2-Htr2c.3_2
Neuron_Slc17a7-Slc17a6_Nxph3...2     COVAR   15078   -0.0030605   -0.0085573    0.0081192      0.64689 Neuron_Slc17a7-Slc17a6_Nxph3-Cbln2-Kcnh8.3_3
Neuron_Slc17a7_Nxph3-Hpcal1-...2     COVAR   15078   -0.0094375    -0.029531    0.0038594      0.99276 Neuron_Slc17a7_Nxph3-Hpcal1-Tpbg.3_4
Neuron_Slc17a7_Nxph3-Hpcal1-...1     COVAR   15078    0.0021382    0.0065273    0.0047132      0.32504 Neuron_Slc17a7_Nxph3-Hpcal1-Fos.3_5
Neuron_Slc17a7_Nxph3-Hpcal-I...      COVAR   15078    -0.011871    -0.033078    0.0094364       0.8958 Neuron_Slc17a7_Nxph3-Hpcal-Igfbp4.3_6
Neuron_Slc17a7_Nxph3-Hpcal-K...      COVAR   15078    -0.012077    -0.033711    0.0090043      0.91007 Neuron_Slc17a7_Nxph3-Hpcal-Krt12.3_7
Neuron_Slc17a7_Nxph3-Cplx3-H...      COVAR   15078   -0.0083588    -0.023659    0.0076667      0.86219 Neuron_Slc17a7_Nxph3-Cplx3-Hs6st2.3_8
Neuron_Slc17a7_Nxph3-Cplx3-P...      COVAR   15078   -0.0069783    -0.020292    0.0058344      0.88415 Neuron_Slc17a7_Nxph3-Cplx3-Pappa2.3_9
Neuron_Slc17a7_C1ql2-Cck.4_1         COVAR   15078    0.0026517    0.0073661    0.0085158      0.37775 Neuron_Slc17a7_C1ql2-Cck.4_1
Neuron_Slc17a7_C1ql2-Penk.4_2        COVAR   15078   -0.0066873    -0.018576    0.0086953      0.77907 Neuron_Slc17a7_C1ql2-Penk.4_2
Neuron_Slc17a7_Fibcd1-Lypd1....      COVAR   15078    -0.011294    -0.031439    0.0098555      0.87408 Neuron_Slc17a7_Fibcd1-Lypd1.5_1
Neuron_Slc17a7_Reln.5_10             COVAR   15078   -0.0022747   -0.0065766    0.0060661      0.64616 Neuron_Slc17a7_Reln.5_10
Neuron_Slc17a7_Cbln1-Gpr88.5...      COVAR   15078  -0.00075487   -0.0020888    0.0089715      0.53353 Neuron_Slc17a7_Cbln1-Gpr88.5_11
Neuron_Slc17a7_Cbln1-Trps1.5...      COVAR   15078    -0.013885    -0.039695     0.007027      0.97591 Neuron_Slc17a7_Cbln1-Trps1.5_12
Neuron_Slc17a7_Ptgfr.5_13            COVAR   15078   0.00012734   0.00037969    0.0053484       0.4905 Neuron_Slc17a7_Ptgfr.5_13
Neuron_Slc17a7_Fezf2-Efna5.5...      COVAR   15078    -0.013756    -0.038004    0.0088505      0.93993 Neuron_Slc17a7_Fezf2-Efna5.5_14
Neuron_Slc17a7_Fezf2-Rxfp1.5...      COVAR   15078    -0.008407    -0.023504    0.0079622      0.85448 Neuron_Slc17a7_Fezf2-Rxfp1.5_15
Neuron_Slc17a7_Fibcd1-Nrip3....      COVAR   15078   -0.0037743    -0.010574    0.0088945      0.66434 Neuron_Slc17a7_Fibcd1-Nrip3.5_2
Neuron_Slc17a7_Fibcd1-Nptx2....      COVAR   15078    0.0019969    0.0055533    0.0093386      0.41534 Neuron_Slc17a7_Fibcd1-Nptx2.5_3
Neuron_Slc17a7_Fibcd1-Kitl.5...      COVAR   15078   -0.0090095    -0.025088    0.0089939      0.84175 Neuron_Slc17a7_Fibcd1-Kitl.5_4
Neuron_Slc17a7_Fibcd1-Grm5.5...      COVAR   15078   0.00046906    0.0013347    0.0055298       0.4662 Neuron_Slc17a7_Fibcd1-Grm5.5_5
Neuron_Slc17a7_Dcn-Pou3f1.5_6        COVAR   15078    -0.019326    -0.053475    0.0098495      0.97512 Neuron_Slc17a7_Dcn-Pou3f1.5_6
Neuron_Slc17a7_FIbcd1-Inhba....      COVAR   15078    -0.015545    -0.043296    0.0091404      0.95549 Neuron_Slc17a7_FIbcd1-Inhba.5_7
Neuron_Slc17a7_Fibcd1-Fos.5_8        COVAR   15078    -0.012662    -0.035884    0.0082484       0.9376 Neuron_Slc17a7_Fibcd1-Fos.5_8
Neuron_Slc17a7_Dcn-Camk2d.5_9        COVAR   15078   -0.0063671    -0.017796     0.007633       0.7979 Neuron_Slc17a7_Dcn-Camk2d.5_9
Neuron_Slc17a7_Pvrl3-Nos1.6_1        COVAR   15078  -0.00011156   -0.0003082    0.0092389      0.50482 Neuron_Slc17a7_Pvrl3-Nos1.6_1
Neuron_Slc17a7_Pvrl3-Grm5.6_2        COVAR   15078    0.0036991     0.010166    0.0068076      0.29344 Neuron_Slc17a7_Pvrl3-Grm5.6_2
Neuron_Slc17a7_Pvrl3-St18.6_3        COVAR   15078     -0.00581    -0.015982    0.0084683      0.75367 Neuron_Slc17a7_Pvrl3-St18.6_3
Neuron_Slc17a7_Rgs14.6_4             COVAR   15078    0.0021368    0.0059334    0.0077431      0.39129 Neuron_Slc17a7_Rgs14.6_4
Neuron_Slc17a7_Calb2-Vgll3.6...      COVAR   15078    0.0009861    0.0027573    0.0073147      0.44638 Neuron_Slc17a7_Calb2-Vgll3.6_5
Neuron_Slc17a7_Calb2-Adcyap1...      COVAR   15078    0.0066237      0.01816    0.0082195      0.21017 Neuron_Slc17a7_Calb2-Adcyap1.6_6
Neuron_Slc17a7_Pvrl3-Inhba.6...      COVAR   15078   0.00079703    0.0022131    0.0085918      0.46305 Neuron_Slc17a7_Pvrl3-Inhba.6_7
Neuron_Slc17a7_Pvrl3-Fos.6_8         COVAR   15078    0.0064334     0.018116    0.0078427      0.20603 Neuron_Slc17a7_Pvrl3-Fos.6_8
Astrocyte_Gja1_Nnat.7_1              COVAR   15078  -0.00049619   -0.0012853    0.0053373      0.53703 Astrocyte_Gja1_Nnat.7_1
Astrocyte_Gja1_Myoc.7_2              COVAR   15078    0.0009286    0.0024391     0.005108      0.42787 Astrocyte_Gja1_Myoc.7_2
Astrocyte_Gja1_Fabp7.7_3             COVAR   15078    0.0018406    0.0049876    0.0048694      0.35272 Astrocyte_Gja1_Fabp7.7_3
Oligodendrocyte_Trf_Plin3.8_1        COVAR   15078    0.0023456    0.0062993    0.0050091       0.3198 Oligodendrocyte_Trf_Plin3.8_1
Oligodendrocyte_Trf_Ndrg2.8_2        COVAR   15078     0.003645    0.0098361    0.0050873      0.23685 Oligodendrocyte_Trf_Ndrg2.8_2
Oligodendrocyte_Trf_Il33.8_3         COVAR   15078    0.0029231    0.0077411    0.0054522      0.29594 Oligodendrocyte_Trf_Il33.8_3
Oligodendrocyte_Trf_Man1a.8_4        COVAR   15078    0.0053463     0.014401    0.0050175      0.14333 Oligodendrocyte_Trf_Man1a.8_4
Oligodendrocyte_Trf_Ctps.8_5         COVAR   15078  -0.00023979  -0.00070962    0.0033128      0.52885 Oligodendrocyte_Trf_Ctps.8_5
Polydendrocyte_Tnr_Pdgfa.9_1         COVAR   15078    0.0016586    0.0046015    0.0049298      0.36827 Polydendrocyte_Tnr_Pdgfa.9_1
Polydendrocyte_Tnr_Bmp4.9_2          COVAR   15078   -0.0031823   -0.0091121    0.0049149      0.74133 Polydendrocyte_Tnr_Bmp4.9_2
Polydendrocyte_Tnr_Cspg5.9_3         COVAR   15078     0.003186    0.0088633    0.0056331      0.28585 Polydendrocyte_Tnr_Cspg5.9_3
Polydendrocyte_Tnr_Ptprz1.9_4        COVAR   15078   0.00017917   0.00050271    0.0054619      0.48692 Polydendrocyte_Tnr_Ptprz1.9_4
