# TOTAL_GENES = 15078
# TEST_DIRECTION = one-sided, positive (set), one-sided, positive (covar)
# CONDITIONED_INTERNAL = gene size, gene density, inverse mac, log(gene size), log(gene density), log(inverse mac)
# CONDITIONED_HIDDEN = Average (covar)
VARIABLE                             TYPE  NGENES         BETA     BETA_STD           SE            P FULL_NAME
Ependyma_Ccdc153_Ccdc153.1_1        COVAR   15078    0.0051546     0.013514    0.0045869      0.13056 Ependyma_Ccdc153_Ccdc153.1_1
Neuron_Gad1Gad2_Drd1-Fos.10_1       COVAR   15078    0.0022708     0.006362    0.0075106       0.3812 Neuron_Gad1Gad2_Drd1-Fos.10_1
Neuron_Gad1Gad2_Drd1-Lypd1.1...     COVAR   15078    0.0002537   0.00070667    0.0080084      0.48736 Neuron_Gad1Gad2_Drd1-Lypd1.10_2
Neuron_Gad1Gad2_Drd1-Pde1a.1...     COVAR   15078    0.0018734    0.0052461    0.0078653      0.40587 Neuron_Gad1Gad2_Drd1-Pde1a.10_3
Neuron_Gad1Gad2_Drd1-Nefm.10...     COVAR   15078    0.0041755     0.011618    0.0077598      0.29526 Neuron_Gad1Gad2_Drd1-Nefm.10_4
Neuron_Gad1Gad2_Drd1-Cxcl14....     COVAR   15078    0.0066914     0.018827    0.0069659      0.16838 Neuron_Gad1Gad2_Drd1-Cxcl14.10_5
Neuron_Gad1Gad2_Adora2a-Nefm...     COVAR   15078    0.0021362    0.0059324    0.0078338      0.39255 Neuron_Gad1Gad2_Adora2a-Nefm.11_1
Neuron_Gad1Gad2_Adora2a-Nnat...     COVAR   15078   -0.0014793   -0.0041089    0.0082471      0.57118 Neuron_Gad1Gad2_Adora2a-Nnat.11_2
Neuron_Gad1Gad2_Adora2a-Fos....     COVAR   15078    0.0035758      0.01004    0.0074874      0.31648 Neuron_Gad1Gad2_Adora2a-Fos.11_3
Neuron_Gad1Gad2-Chat-Slc17a8...     COVAR   15078    0.0012277    0.0034216     0.006188      0.42137 Neuron_Gad1Gad2-Chat-Slc17a8_Chat.12_1
Neuron_Gad1Gad2_Drd1-Tpbg.13...     COVAR   15078   -0.0010867   -0.0030595    0.0073581       0.5587 Neuron_Gad1Gad2_Drd1-Tpbg.13_1
Neuron_Gad1Gad2_Drd1-Nfib.13...     COVAR   15078  -0.00077089   -0.0023272    0.0047118      0.56498 Neuron_Gad1Gad2_Drd1-Nfib.13_10
Neuron_Gad1Gad2_Sgol2a.13_11        COVAR   15078    0.0040313      0.01256    0.0027003     0.067743 Neuron_Gad1Gad2_Sgol2a.13_11
Neuron_Gad1Gad2_Drd1-Otof-So...     COVAR   15078   -0.0002204  -0.00061979    0.0068037      0.51292 Neuron_Gad1Gad2_Drd1-Otof-Sorcs1.13_2
Neuron_Gad1Gad2_Drd1-Otof-Lm...     COVAR   15078    0.0010092    0.0028689    0.0066928      0.44007 Neuron_Gad1Gad2_Drd1-Otof-Lmo2.13_3
Neuron_Gad1Gad2_Adora2a-Otof...     COVAR   15078   -0.0080148    -0.022673    0.0066296      0.88665 Neuron_Gad1Gad2_Adora2a-Otof.13_4
Neuron_Gad1Gad2_Adora2a-Th.1...     COVAR   15078   -0.0023829    -0.006982    0.0058264      0.65872 Neuron_Gad1Gad2_Adora2a-Th.13_5
Neuron_Slc17a6_Oprk1.13_6           COVAR   15078   0.00072924     0.002356    0.0031802      0.40932 Neuron_Slc17a6_Oprk1.13_6
Neuron_Slc17a7_Cplx3.13_7           COVAR   15078   -0.0018643    -0.005577    0.0046717      0.65507 Neuron_Slc17a7_Cplx3.13_7
Neuron_Slc17a7_Dkk3.13_8            COVAR   15078   -0.0040353     -0.01256    0.0038196      0.85462 Neuron_Slc17a7_Dkk3.13_8
Neuron_Gad1Gad2_Resp18.13_9         COVAR   15078    0.0049237     0.013948     0.006606      0.22804 Neuron_Gad1Gad2_Resp18.13_9
Neuron_Gad1Gad2_Pvalb_Pvalb-...     COVAR   15078    -0.005929    -0.016481    0.0067139       0.8114 Neuron_Gad1Gad2_Pvalb_Pvalb-Megf11.14_1
Neuron_Gad1Gad2_Pnoc.14_2           COVAR   15078      0.00218    0.0067298    0.0040125      0.29347 Neuron_Gad1Gad2_Pnoc.14_2
Neuron_Gad1Gad2_Pvalb-Rgs12....     COVAR   15078   -0.0016574    -0.004729    0.0057926      0.61261 Neuron_Gad1Gad2_Pvalb-Rgs12.14_3
Neuron_Gad1Gad2-Th_Trh.14_4         COVAR   15078  -0.00056583   -0.0016145    0.0057837      0.53897 Neuron_Gad1Gad2-Th_Trh.14_4
Neuron_Gad1Gad2_Chodl.15_1          COVAR   15078    -0.010688    -0.029233     0.006894      0.93946 Neuron_Gad1Gad2_Chodl.15_1
Neurogenesis_Sox4_Ung.2_1           COVAR   15078   -0.0031969   -0.0091638    0.0047657      0.74882 Neurogenesis_Sox4_Ung.2_1
Neurogenesis_Sox4_Stmn2.2_2         COVAR   15078   -0.0035927    -0.010691    0.0042537      0.80083 Neurogenesis_Sox4_Stmn2.2_2
Neurogenesis_Sox4_Tuba1c.2_3        COVAR   15078   -0.0017069    -0.004881    0.0045004      0.64776 Neurogenesis_Sox4_Tuba1c.2_3
Neurogenesis_Sox4_Stmn2-Csrp...     COVAR   15078   0.00046937    0.0014005    0.0039326       0.4525 Neurogenesis_Sox4_Stmn2-Csrp2.2_4
Neurogenesis_Sox4_Hist1h2al....     COVAR   15078   0.00061696    0.0017419    0.0047537      0.44837 Neurogenesis_Sox4_Hist1h2al.2_5
Neurogenesis_Sox4_Notum.2_6         COVAR   15078  -0.00011015  -0.00033257    0.0038032      0.51155 Neurogenesis_Sox4_Notum.2_6
Oligodendrocyte_Trf_Klk6.3_1        COVAR   15078    0.0045869     0.012372     0.005369      0.19647 Oligodendrocyte_Trf_Klk6.3_1
Oligodendrocyte_Trf_Il33.3_2        COVAR   15078   8.4481e-05   0.00022319    0.0062069      0.49457 Oligodendrocyte_Trf_Il33.3_2
Oligodendrocyte_Trf_Ctps.3_3        COVAR   15078    0.0057285      0.01552    0.0052588      0.13802 Oligodendrocyte_Trf_Ctps.3_3
Astrocyte_Gja1_Htra1.4_1            COVAR   15078   -0.0014819   -0.0038673    0.0057091       0.6024 Astrocyte_Gja1_Htra1.4_1
Astrocyte_Gja1_Sparc-Car2.4_2       COVAR   15078  -6.6761e-05  -0.00017514    0.0056674       0.5047 Astrocyte_Gja1_Sparc-Car2.4_2
Astrocyte_Gja1_Notum.4_3            COVAR   15078   -0.0036088   -0.0099095    0.0049781      0.76575 Astrocyte_Gja1_Notum.4_3
Polydendrocye_Tnr_Cspg5.5_1         COVAR   15078    0.0044457     0.012345    0.0058343      0.22304 Polydendrocye_Tnr_Cspg5.5_1
Polydendrocye_Tnr_Bmp4.5_2          COVAR   15078    0.0025428    0.0074165    0.0047697      0.29698 Polydendrocye_Tnr_Bmp4.5_2
Polydendrocye_Tnr_Pdgfa.5_3         COVAR   15078   -0.0016811   -0.0048864    0.0044363      0.64764 Polydendrocye_Tnr_Pdgfa.5_3
Polydendrocye_Tnr_Ctps.5_4          COVAR   15078   0.00014535   0.00043537    0.0032538      0.48218 Polydendrocye_Tnr_Ctps.5_4
Macrophage_C1qb_Mrc1.6_1            COVAR   15078   -0.0010558   -0.0032208     0.002969      0.63893 Macrophage_C1qb_Mrc1.6_1
Microglia_C1qb_Tmem119.6_2          COVAR   15078   -0.0012085   -0.0032449    0.0048345      0.59869 Microglia_C1qb_Tmem119.6_2
Endothelial_Stalk_Flt1_Car4....     COVAR   15078    0.0087058     0.023765    0.0047819     0.034346 Endothelial_Stalk_Flt1_Car4.7_1
Endothelial_Stalk_Flt1_Gkn3....     COVAR   15078     0.008129     0.022553    0.0044364      0.03346 Endothelial_Stalk_Flt1_Gkn3.7_2
Mural_Rgs5Acta2_Olfr558.8_1         COVAR   15078   -0.0086282    -0.025041    0.0039066      0.98639 Mural_Rgs5Acta2_Olfr558.8_1
Mural_Rgs5Acta2_Cnn1.8_2            COVAR   15078   -0.0022177   -0.0065448    0.0035352      0.73477 Mural_Rgs5Acta2_Cnn1.8_2
Mural_Rgs5Acta2_Ccnd1.8_3           COVAR   15078   -0.0038471    -0.011112    0.0041028      0.82579 Mural_Rgs5Acta2_Ccnd1.8_3
Mural_Rgs5Acta2_Kcnj8.8_4           COVAR   15078   -0.0035564    -0.010691    0.0036199      0.83706 Mural_Rgs5Acta2_Kcnj8.8_4
Mural_Rgs5Acta2_Col3a1.8_5          COVAR   15078    0.0024452    0.0076852    0.0029701      0.20518 Mural_Rgs5Acta2_Col3a1.8_5
Endothelial_Tip_Dcn.9_1             COVAR   15078   -0.0014226   -0.0039856    0.0047288      0.61823 Endothelial_Tip_Dcn.9_1
