# TOTAL_GENES = 15078
# TEST_DIRECTION = one-sided, positive (set), one-sided, positive (covar)
# CONDITIONED_INTERNAL = gene size, gene density, inverse mac, log(gene size), log(gene density), log(inverse mac)
# CONDITIONED_HIDDEN = Average (covar)
VARIABLE                              TYPE  NGENES         BETA     BETA_STD           SE            P FULL_NAME
Neuron_Slc17a7_Syt6-Cplx3.1_1        COVAR   15078    -0.012327    -0.034572    0.0085141      0.92616 Neuron_Slc17a7_Syt6-Cplx3.1_1
Neuron_Slc17a7-Slc17a8_Syt6-...      COVAR   15078   -0.0029375   -0.0087398    0.0052557      0.71189 Neuron_Slc17a7-Slc17a8_Syt6-Lancl3.1_2
Neuron_Slc17a7_Syt6-Tshz2-Nr...      COVAR   15078   -0.0078567    -0.021891    0.0098495      0.78746 Neuron_Slc17a7_Syt6-Tshz2-Nrep.1_3
Neuron_Slc17a7_Syt6-Sla.1_4          COVAR   15078   -0.0088983    -0.024658     0.010512      0.80134 Neuron_Slc17a7_Syt6-Sla.1_4
Neuron_Slc17a7_Syt6-Nnat.1_5         COVAR   15078    -0.016649    -0.047324    0.0078462      0.98307 Neuron_Slc17a7_Syt6-Nnat.1_5
Neuron_Slc17a7_Syt6-Slc24a2....      COVAR   15078    -0.010855    -0.031411    0.0057767      0.96987 Neuron_Slc17a7_Syt6-Slc24a2.1_6
Neuron_Slc17a7_Syt6-Tox.1_7          COVAR   15078    0.0024704    0.0069041     0.010032      0.40274 Neuron_Slc17a7_Syt6-Tox.1_7
Neuron_Slc17a7_Syt6-Nefm.1_8         COVAR   15078   -0.0011103   -0.0030769     0.010365      0.54265 Neuron_Slc17a7_Syt6-Nefm.1_8
Neuron_Slc17a7_Syt6-Fos.1_9          COVAR   15078    0.0057114     0.015961    0.0096507      0.27699 Neuron_Slc17a7_Syt6-Fos.1_9
Polydendrocyte_Tnr_Cspg5.10_1        COVAR   15078     0.005042     0.013938    0.0058612      0.19484 Polydendrocyte_Tnr_Cspg5.10_1
Polydendrocyte_Tnr_Dlx1.10_2         COVAR   15078   -0.0024868   -0.0074858    0.0035947      0.75546 Polydendrocyte_Tnr_Dlx1.10_2
Polydendrocyte_Tnr_Tmsb4x.10...      COVAR   15078    0.0010822    0.0030576    0.0050336      0.41489 Polydendrocyte_Tnr_Tmsb4x.10_3
Polydendrocyte_Tnr_Lims2-Tms...      COVAR   15078    0.0016929    0.0050461    0.0043183      0.34752 Polydendrocyte_Tnr_Lims2-Tmsb4x.10_4
Microglia_C1qb_Tmem119.11_1          COVAR   15078   -0.0015964   -0.0042788      0.00541      0.61603 Microglia_C1qb_Tmem119.11_1
Macrophage_C1qb_Mrc1.11_2            COVAR   15078   -0.0017166   -0.0049347    0.0038486       0.6722 Macrophage_C1qb_Mrc1.11_2
Microglia_C1qb_Tmem119-Fos.1...      COVAR   15078    0.0032359    0.0098192    0.0024761     0.095641 Microglia_C1qb_Tmem119-Fos.11_3
Microglia_C1qb_Tmem119-Junb....      COVAR   15078   -0.0010044   -0.0028217    0.0025503      0.65315 Microglia_C1qb_Tmem119-Junb.11_4
Endothelial_Stalk_Flt1_Car4....      COVAR   15078     0.008745     0.023974    0.0045039     0.026101 Endothelial_Stalk_Flt1_Car4.12_1
Endothelial_Stalk_Flt1_Vwf.1...      COVAR   15078    0.0091171     0.025153    0.0042429     0.015834 Endothelial_Stalk_Flt1_Vwf.12_2
Endothelial_Stalk_Flt1_Gm994...      COVAR   15078    0.0070899      0.01918    0.0045794     0.060798 Endothelial_Stalk_Flt1_Gm9946.12_3
Endothelial_Stalk_Flt1_Gkn3....      COVAR   15078    0.0076432     0.021316    0.0040525     0.029656 Endothelial_Stalk_Flt1_Gkn3.12_4
Mural_Acta2Rgs5_Acta2.13_1           COVAR   15078   -0.0029158   -0.0080139    0.0043639      0.74798 Mural_Acta2Rgs5_Acta2.13_1
Mural_Acta2Rgs5_Fos.13_2             COVAR   15078   0.00029067    0.0008973    0.0027256      0.45754 Mural_Acta2Rgs5_Fos.13_2
Mural_Acta2Rgs5Rgs5.13_3             COVAR   15078   -0.0023369   -0.0065518    0.0041671      0.71253 Mural_Acta2Rgs5Rgs5.13_3
Mural_Acta2Rgs5_Kcnj8-Abcc9....      COVAR   15078   -0.0007689   -0.0023473    0.0033256      0.59142 Mural_Acta2Rgs5_Kcnj8-Abcc9.13_4
Mural_Acta2Rgs5_Abcc9.13_5           COVAR   15078   -0.0039168    -0.012338    0.0028824       0.9129 Mural_Acta2Rgs5_Abcc9.13_5
Endothelial_Tip_Dcn_Mgp-Penk...      COVAR   15078     0.002486    0.0067727    0.0048296      0.30337 Endothelial_Tip_Dcn_Mgp-Penk.14_1
Endothelial_Tip_Dcn_Mgp-Clu....      COVAR   15078    0.0080103     0.022555    0.0041728     0.027463 Endothelial_Tip_Dcn_Mgp-Clu.14_2
Endothelial_Tip_Dcn_Nnat.14_3        COVAR   15078    0.0014154    0.0039649    0.0037149       0.3516 Endothelial_Tip_Dcn_Nnat.14_3
Endothelial_Tip_Dcn_Coch.14_4        COVAR   15078   0.00039921    0.0011083    0.0040821      0.46105 Endothelial_Tip_Dcn_Coch.14_4
Endothelial_Tip_Dcn_Inmt.14_5        COVAR   15078    0.0036356     0.010955     0.003172      0.12588 Endothelial_Tip_Dcn_Inmt.14_5
Neuron_Sc17a7_Calb1-Ddit4l.2...      COVAR   15078     0.003935     0.010776     0.010283      0.35099 Neuron_Sc17a7_Calb1-Ddit4l.2_1
Neuron_Slc17a7-Slc17a6_Rorb-...      COVAR   15078   -0.0023075   -0.0063701     0.010602      0.58614 Neuron_Slc17a7-Slc17a6_Rorb-Pcdh20.2_10
Neuron_Sc17a7_Rorb-Gpr83.2_11        COVAR   15078    -0.011078    -0.030492     0.011079      0.84131 Neuron_Sc17a7_Rorb-Gpr83.2_11
Neuron_Sc17a7_Fermt1.2_12            COVAR   15078   -0.0046848    -0.012903    0.0096793       0.6858 Neuron_Sc17a7_Fermt1.2_12
Neuron_Slc17a7-Slc17a6_Calb1...      COVAR   15078   -0.0069544    -0.019143     0.011326       0.7304 Neuron_Slc17a7-Slc17a6_Calb1-Rorb-Il1rapl2.2_13
Neuron_Slc17a7-Slc17a6_Tshz2...7     COVAR   15078    -0.018695    -0.051508     0.011363      0.95003 Neuron_Slc17a7-Slc17a6_Tshz2.2_14
Neuron_Sc17a7_Oprk1.2_15             COVAR   15078   -0.0091645    -0.025565    0.0080103       0.8737 Neuron_Sc17a7_Oprk1.2_15
Neuron_Sc17a7_Crym.2_16              COVAR   15078     0.001231    0.0033676      0.01006      0.45131 Neuron_Sc17a7_Crym.2_16
Neuron_Sc17a7_Sema3e-Nnat.2_...      COVAR   15078    -0.015966    -0.043996     0.010995      0.92676 Neuron_Sc17a7_Sema3e-Nnat.2_17
Neuron_Sc17a7_Sema3e-Onecut2...      COVAR   15078    0.0015104    0.0041709     0.010294      0.44168 Neuron_Sc17a7_Sema3e-Onecut2.2_18
Neuron_Sc17a7_Calb1-Tshz2.2_2        COVAR   15078     -0.00991    -0.027388     0.010788      0.82085 Neuron_Sc17a7_Calb1-Tshz2.2_2
Neuron_Sc17a7_Tshz2-Smoc1.2_3        COVAR   15078    -0.013503    -0.037826    0.0087219       0.9392 Neuron_Sc17a7_Tshz2-Smoc1.2_3
Neuron_Sc17a7_Calb1-Fos.2_4          COVAR   15078   -0.0026813   -0.0073981    0.0092741      0.61375 Neuron_Sc17a7_Calb1-Fos.2_4
Neuron_Sc17a7_Calb1-Lpl.2_5          COVAR   15078   -0.0088566    -0.024226     0.010457      0.80149 Neuron_Sc17a7_Calb1-Lpl.2_5
Neuron_Sc17a7_Calb1-Otof.2_6         COVAR   15078   -0.0094684    -0.025888    0.0096768      0.83607 Neuron_Sc17a7_Calb1-Otof.2_6
Neuron_Sc17a7_Calb1-Lpl-Penk...      COVAR   15078    -0.010083    -0.027741    0.0092477      0.86221 Neuron_Sc17a7_Calb1-Lpl-Penk.2_7
Neuron_Sc17a7_Calb1-Lpl-Cadm...      COVAR   15078    -0.010897    -0.031099    0.0058358      0.96905 Neuron_Sc17a7_Calb1-Lpl-Cadm2.2_8
Neuron_Sc17a7_Rorb-BC006965....      COVAR   15078     -0.01066    -0.029432     0.010505      0.84489 Neuron_Sc17a7_Rorb-BC006965.2_9
Neuron_Slc17a7_Bcl6-Cbln1.3_1        COVAR   15078    -0.011248    -0.031269    0.0090033      0.89422 Neuron_Slc17a7_Bcl6-Cbln1.3_1
Neuron_Slc17a7_Bcl6-Npnt.3_10        COVAR   15078     0.001708    0.0047692    0.0088886      0.42381 Neuron_Slc17a7_Bcl6-Npnt.3_10
Neuron_Slc17a7_Bcl6-Dditl.3_2        COVAR   15078   -0.0066457     -0.01863    0.0087977      0.77499 Neuron_Slc17a7_Bcl6-Dditl.3_2
Neuron_Slc17a7_Bcl6-C1ql2.3_3        COVAR   15078    -0.011187    -0.031068    0.0094053      0.88286 Neuron_Slc17a7_Bcl6-C1ql2.3_3
Neuron_Slc17a7_Bcl6-Tcerg1l....      COVAR   15078   -0.0077287    -0.021392     0.010158      0.77663 Neuron_Slc17a7_Bcl6-Tcerg1l.3_4
Neuron_Slc17a7_Bcl6-Fos.3_5          COVAR   15078    -0.012438    -0.034575    0.0089209      0.91837 Neuron_Slc17a7_Bcl6-Fos.3_5
Neuron_Slc17a7_Bcl6-Ndst4.3_6        COVAR   15078   0.00046115    0.0014056    0.0043686      0.45797 Neuron_Slc17a7_Bcl6-Ndst4.3_6
Neuron_Slc17a7_Bcl6-Ptgfr.3_7        COVAR   15078   -0.0025875   -0.0081832    0.0035555      0.76661 Neuron_Slc17a7_Bcl6-Ptgfr.3_7
Neuron_Slc17a7_Bcl6-Tshz2-Sy...      COVAR   15078   -0.0083213    -0.023161    0.0082033      0.84479 Neuron_Slc17a7_Bcl6-Tshz2-Syt2.3_8
Neuron_Slc17a7_Bcl6-Pvalb.3_9        COVAR   15078    0.0079468     0.022018    0.0086785      0.17993 Neuron_Slc17a7_Bcl6-Pvalb.3_9
Neuron_Gad1Gad2_Cplx3-Reln.4...      COVAR   15078    0.0027235    0.0075761    0.0083594      0.37229 Neuron_Gad1Gad2_Cplx3-Reln.4_1
Neuron_Gad1Gad2_Cplx3-Npy.4_2        COVAR   15078    0.0020336     0.005718    0.0073521      0.39105 Neuron_Gad1Gad2_Cplx3-Npy.4_2
Neuron_Gad1Gad2_Cplx3-Egln3....      COVAR   15078    0.0033981    0.0096949    0.0071735      0.31786 Neuron_Gad1Gad2_Cplx3-Egln3.4_3
Neuron_Gad1Gad2-Slc17a8_Synp...      COVAR   15078    0.0046059     0.013196    0.0060603      0.22363 Neuron_Gad1Gad2-Slc17a8_Synpr-Sncg-Yjefn3.4_4
Neuron_Gad1Gad2_Synpr-Sncg.4...      COVAR   15078    0.0097959     0.028367    0.0059035     0.048535 Neuron_Gad1Gad2_Synpr-Sncg.4_5
Neuron_Gad1Gad2_Synpr-Nnat.4...      COVAR   15078  -0.00024416  -0.00073755    0.0048806      0.51995 Neuron_Gad1Gad2_Synpr-Nnat.4_6
Neuron_Gad1Gad2_Synpr-Crispl...      COVAR   15078     0.010288     0.029333    0.0063571     0.052802 Neuron_Gad1Gad2_Synpr-Crispld2.4_7
Neuron_Gad1Gad2-Chat_Synpr-S...      COVAR   15078     0.010169     0.028359    0.0077785     0.095556 Neuron_Gad1Gad2-Chat_Synpr-Slc5a7.4_8
Neuron_Gad1Gad2_Synpr-Pcdh11...      COVAR   15078    -0.004287    -0.011992    0.0075804      0.71414 Neuron_Gad1Gad2_Synpr-Pcdh11x.4_9
Neuron_Gad1Gad2_Pvalb-Unc5b....      COVAR   15078   -0.0017968   -0.0055175    0.0040521      0.67127 Neuron_Gad1Gad2_Pvalb-Unc5b.5_1
Neuron_Gad1Gad2_Pvalb-Nefm.5...      COVAR   15078    0.0077925     0.021268    0.0077076      0.15601 Neuron_Gad1Gad2_Pvalb-Nefm.5_2
Neuron_Gad1Gad2_Pvalb-Cartpt...      COVAR   15078     0.018778     0.051641    0.0078345    0.0082759 Neuron_Gad1Gad2_Pvalb-Cartpt.5_3
Neuron_Gad1Gad2-Th_Nr4a2.5_4         COVAR   15078   -0.0026033   -0.0078969    0.0043736      0.72415 Neuron_Gad1Gad2-Th_Nr4a2.5_4
Neuron_Gad1Gad2_Sst-Crh.5_5          COVAR   15078     0.002885    0.0081198    0.0068548      0.33693 Neuron_Gad1Gad2_Sst-Crh.5_5
Neuron_Gad1Gad2_Sst-Pdyn.5_6         COVAR   15078    0.0062443     0.017119    0.0078119      0.21206 Neuron_Gad1Gad2_Sst-Pdyn.5_6
Neuron_Gad1Gad2_Sst-Nr2f2.5_7        COVAR   15078   -0.0025275   -0.0074612    0.0051822      0.68713 Neuron_Gad1Gad2_Sst-Nr2f2.5_7
Neuron_Slc17a7-Slc17a6_Shisa...      COVAR   15078   -0.0019329   -0.0053335     0.010541      0.57275 Neuron_Slc17a7-Slc17a6_Shisa8.6_1
Neuron_Slc17a7-Slc17a6_Tshz2...2     COVAR   15078    0.0046338     0.014047    0.0050614      0.17997 Neuron_Slc17a7-Slc17a6_Tshz2-Fos.6_2
Neuron_Slc17a7-Slc17a6_Tshz2...6     COVAR   15078   -0.0053434    -0.015225    0.0081553      0.74382 Neuron_Slc17a7-Slc17a6_Tshz2-Rasd1.6_3
Neuron_Slc17a7-Slc17a6_Tshz2...3     COVAR   15078    0.0010893    0.0031789    0.0064014      0.43244 Neuron_Slc17a7-Slc17a6_Tshz2-Nnat.6_4
Neuron_Slc17a7-Slc17a6_Tshz2...1     COVAR   15078   -0.0029702   -0.0081935    0.0099561      0.61727 Neuron_Slc17a7-Slc17a6_Tshz2-Cabp7.6_5
Neuron_Slc17a7-Slc17a6_Tshz2...4     COVAR   15078    0.0039201     0.010829     0.010621      0.35603 Neuron_Slc17a7-Slc17a6_Tshz2-Npnt.6_6
Neuron_Slc17a7-Slc17a6_Tshz2...5     COVAR   15078    0.0058814     0.016597    0.0084165      0.24235 Neuron_Slc17a7-Slc17a6_Tshz2-Prlr.6_7
Neuron_Slc17a7-Slc17a8_Fezf2...      COVAR   15078   -0.0093193    -0.026223    0.0083773      0.86702 Neuron_Slc17a7-Slc17a8_Fezf2-Slc17a8.7_1
Neuron_Slc17a7-Slc17a6_Fezf2...2     COVAR   15078   -0.0089418    -0.024868    0.0088522      0.84377 Neuron_Slc17a7-Slc17a6_Fezf2-Htr2c.7_2
Neuron_Slc17a7-Slc17a6_Fezf2...1     COVAR   15078   -0.0066983    -0.019189    0.0072773      0.82132 Neuron_Slc17a7-Slc17a6_Fezf2-3110035E14Rik.7_3
Astrocyte_Gja1_Igfbp2.8_1            COVAR   15078  -0.00071215   -0.0018629    0.0054361      0.55211 Astrocyte_Gja1_Igfbp2.8_1
Astrocyte_Gja1_Myoc.8_2              COVAR   15078  -0.00093679   -0.0024399    0.0054627      0.56808 Astrocyte_Gja1_Myoc.8_2
Astrocyte_Gja1_Sparc.8_3             COVAR   15078    0.0039441     0.010441    0.0052272      0.22527 Astrocyte_Gja1_Sparc.8_3
Oligodendrocyte_Tfr_Ctps.9_1         COVAR   15078  -0.00088418   -0.0023643    0.0052763      0.56654 Oligodendrocyte_Tfr_Ctps.9_1
Oligodendrocyte_Tfr_Tmem2.9_2        COVAR   15078    -0.002565    -0.007715    0.0035118      0.76743 Oligodendrocyte_Tfr_Tmem2.9_2
Oligodendrocyte_Tfr_Klk6.9_3         COVAR   15078    0.0027102    0.0073905    0.0049512      0.29206 Oligodendrocyte_Tfr_Klk6.9_3
Oligodendrocyte_Tfr_Il33.9_4         COVAR   15078   -0.0013803   -0.0036691    0.0056432      0.59661 Oligodendrocyte_Tfr_Il33.9_4
Oligodendrocyte_Tfr_Sez6.9_5         COVAR   15078    0.0027444    0.0075405    0.0048938      0.28747 Oligodendrocyte_Tfr_Sez6.9_5
