# TOTAL_GENES = 15078
# TEST_DIRECTION = one-sided, positive (set), one-sided, positive (covar)
# CONDITIONED_INTERNAL = gene size, gene density, inverse mac, log(gene size), log(gene density), log(inverse mac)
# CONDITIONED_HIDDEN = Average (covar)
VARIABLE                             TYPE  NGENES         BETA     BETA_STD           SE            P FULL_NAME
Neuron_Gad1Gad2_Cplx3.1_1           COVAR   15078   -0.0014671   -0.0040313    0.0083425      0.56979 Neuron_Gad1Gad2_Cplx3.1_1
Neuron_Gad1Gad2-Slc17a8_Synp...     COVAR   15078    0.0012673    0.0035105    0.0074848      0.43278 Neuron_Gad1Gad2-Slc17a8_Synpr-Sncg-Yjefn3.1_10
Neuron_Gad1Gad2_Synpr-Sncg.1...     COVAR   15078   -0.0019788   -0.0055179    0.0073194      0.60655 Neuron_Gad1Gad2_Synpr-Sncg.1_11
Neuron_Gad1Gad2_Cplx3-Reln.1...     COVAR   15078   -0.0087829    -0.024255     0.008578      0.84705 Neuron_Gad1Gad2_Cplx3-Reln.1_2
Neuron_Gad1Gad2_Synpr-Nnat.1...     COVAR   15078    0.0037915     0.011003     0.005873      0.25928 Neuron_Gad1Gad2_Synpr-Nnat.1_3
Neuron_Gad1Gad2_Synpr-Crispl...     COVAR   15078    0.0067457     0.018877    0.0071807      0.17376 Neuron_Gad1Gad2_Synpr-Crispld2.1_4
Neuron_Gad1Gad2-Chat_Synpr-S...     COVAR   15078    0.0092657     0.025493    0.0081252      0.12708 Neuron_Gad1Gad2-Chat_Synpr-Slc5a7.1_5
Neuron_Gad1Gad2_Synpr-Pcdh11...     COVAR   15078   0.00033728   0.00092875    0.0082606      0.48372 Neuron_Gad1Gad2_Synpr-Pcdh11x.1_6
Neuron_Gad1Gad2_Synpr-Dpy19l...     COVAR   15078    0.0013429    0.0038244    0.0066155      0.41957 Neuron_Gad1Gad2_Synpr-Dpy19l1.1_7
Neuron_Gad1Gad2_Cplx3-Dpy19l...     COVAR   15078    0.0029894    0.0088238    0.0052897        0.286 Neuron_Gad1Gad2_Cplx3-Dpy19l1.1_8
Neuron_Gad1Gad2_Cplx3-Crim1....     COVAR   15078    -0.010209    -0.029161    0.0066773      0.93684 Neuron_Gad1Gad2_Cplx3-Crim1.1_9
Polydendrocyte_Tnr_Cspg5.10_1       COVAR   15078   -0.0035455   -0.0096876    0.0062205      0.71565 Polydendrocyte_Tnr_Cspg5.10_1
Polydendrocyte_Tnr_Dlx1.10_2        COVAR   15078  -7.7944e-06  -2.2311e-05    0.0042621      0.50073 Polydendrocyte_Tnr_Dlx1.10_2
Polydendrocyte_Tnr_Pdgfa.10_3       COVAR   15078    0.0019466    0.0054159    0.0050459      0.34983 Polydendrocyte_Tnr_Pdgfa.10_3
Polydendrocyte_Tnr_Opalin.10...     COVAR   15078   -0.0013373   -0.0037968    0.0041424      0.62658 Polydendrocyte_Tnr_Opalin.10_4
Polydendrocyte_Tnr_Bmp4-_Ptg...     COVAR   15078    0.0014599    0.0040649    0.0052513      0.39051 Polydendrocyte_Tnr_Bmp4-_Ptgds.10_5
Polydendrocyte_Tnr_Bmp4-Gpr1...     COVAR   15078   -0.0060648    -0.017207    0.0052661      0.87526 Polydendrocyte_Tnr_Bmp4-Gpr17.10_6
Microglia_C1qb_Tmem119.11_1         COVAR   15078   -0.0040249      -0.0106    0.0054317      0.77065 Microglia_C1qb_Tmem119.11_1
Neuron_Slc17a6_Reln.11_2            COVAR   15078    0.0023777     0.007583    0.0032243      0.23044 Neuron_Slc17a6_Reln.11_2
Macrophage_C1qb_Mrc1.11_3           COVAR   15078    0.0025292    0.0070817    0.0039587      0.26145 Macrophage_C1qb_Mrc1.11_3
Microglia_C1qb_Tmem119-Fos.1...     COVAR   15078    0.0016057    0.0050789    0.0026119      0.26936 Microglia_C1qb_Tmem119-Fos.11_4
Endothelial_Stalk_Flt1_Gkn3....     COVAR   15078    0.0065595     0.017477    0.0048824     0.089566 Endothelial_Stalk_Flt1_Gkn3.12_1
Endothelial_Stalk_Flt1_Mgp.1...     COVAR   15078    0.0058491     0.016642    0.0038245     0.063098 Endothelial_Stalk_Flt1_Mgp.12_2
Endothelial_Stalk_Flt1_Car4....     COVAR   15078    0.0054651      0.01463    0.0049078      0.13274 Endothelial_Stalk_Flt1_Car4.12_3
Endothelial_Stalk_Flt1_Cfh.1...     COVAR   15078    0.0053778     0.014472    0.0047336      0.12797 Endothelial_Stalk_Flt1_Cfh.12_4
Endothelial_Stalk_Flt1_Lrg1....     COVAR   15078    0.0077147     0.023269    0.0032514     0.008836 Endothelial_Stalk_Flt1_Lrg1.12_5
Mural_Rgs5Acta2_Cnn1.13_1           COVAR   15078   -0.0022953    -0.006129    0.0047284      0.68631 Mural_Rgs5Acta2_Cnn1.13_1
Mural_Rgs5Acta2_Ccnd1.13_2          COVAR   15078   -0.0034498   -0.0092529    0.0047622      0.76559 Mural_Rgs5Acta2_Ccnd1.13_2
Mural_Rgs5Acta2_Abcc9.13_3          COVAR   15078  -4.2872e-05  -0.00012162    0.0043969      0.50389 Mural_Rgs5Acta2_Abcc9.13_3
Mural_Rgs5Acta2_Col3a1.13_4         COVAR   15078    0.0030108    0.0088911    0.0034957      0.19455 Mural_Rgs5Acta2_Col3a1.13_4
Endothelial_Tip_Dcn_1500015O...     COVAR   15078    0.0050158     0.014138    0.0042281      0.11776 Endothelial_Tip_Dcn_1500015O10Rik.14_1
Endothelial_Tip_Dcn_Dapl1.14...     COVAR   15078   -0.0030434   -0.0085834    0.0039716      0.77825 Endothelial_Tip_Dcn_Dapl1.14_2
Endothelial_Tip_Dcn_Coch.14_3       COVAR   15078  -5.2586e-05  -0.00015205    0.0036961      0.50568 Endothelial_Tip_Dcn_Coch.14_3
Endothelial_Tip_Dcn_Col15a1....     COVAR   15078     0.002826    0.0077643    0.0046996      0.27382 Endothelial_Tip_Dcn_Col15a1.14_4
Endothelial_Tip_Dcn_Inmt.14_5       COVAR   15078    0.0038586     0.011917    0.0030387      0.10209 Endothelial_Tip_Dcn_Inmt.14_5
Neuron_Gad1Gad2_Sst-Chodl.2_1       COVAR   15078    0.0015035    0.0042777    0.0057748       0.3973 Neuron_Gad1Gad2_Sst-Chodl.2_1
Neuron_Gad1Gad2-Th_Nr4a2.2_10       COVAR   15078    0.0021978    0.0061337    0.0069647      0.37617 Neuron_Gad1Gad2-Th_Nr4a2.2_10
Neuron_Gad1Gad2_Sst-Pdyn.2_2        COVAR   15078   0.00097476     0.002686    0.0075027      0.44832 Neuron_Gad1Gad2_Sst-Pdyn.2_2
Neuron_Gad1Gad2_Sst-Calb2.2_3       COVAR   15078   -0.0089423    -0.025219    0.0069679      0.90031 Neuron_Gad1Gad2_Sst-Calb2.2_3
Neuron_Gad1Gad2_Sst-Crh.2_4         COVAR   15078   -0.0011458   -0.0031672    0.0077865      0.55849 Neuron_Gad1Gad2_Sst-Crh.2_4
Neuron_Gad1Gad2_Sst-Nr2f2.2_5       COVAR   15078     0.008923     0.024833    0.0073707      0.11303 Neuron_Gad1Gad2_Sst-Nr2f2.2_5
Neuron_Gad1Gad2_Pvalb-Unc5b....     COVAR   15078    0.0068077     0.019571    0.0059092      0.12466 Neuron_Gad1Gad2_Pvalb-Unc5b.2_6
Neuron_Gad1Gad2_Pvalb.2_7           COVAR   15078     0.010213     0.028019    0.0079389     0.099146 Neuron_Gad1Gad2_Pvalb.2_7
Neuron_Gad1Gad2_Pvalb-Nefm.2...     COVAR   15078    0.0068579     0.018788    0.0073277      0.17467 Neuron_Gad1Gad2_Pvalb-Nefm.2_8
Neuron_Gad1Gad2_Pvalb-Necab1...     COVAR   15078    0.0082559     0.022533    0.0081045      0.15419 Neuron_Gad1Gad2_Pvalb-Necab1.2_9
Neuron_Slc17a7_Syt6-Sema5a.3...     COVAR   15078   -0.0087419    -0.023987    0.0094174      0.82336 Neuron_Slc17a7_Syt6-Sema5a.3_1
Neuron_Slc17a7-Slc17a8_Syt6-...     COVAR   15078    -0.021406    -0.059539    0.0082695      0.99518 Neuron_Slc17a7-Slc17a8_Syt6-Cplx3.3_10
Neuron_Slc17a7_Syt6-Bdnf.3_11       COVAR   15078   -0.0057823    -0.016745    0.0063407      0.81909 Neuron_Slc17a7_Syt6-Bdnf.3_11
Neuron_Slc17a7_Syt6-Kit.3_12        COVAR   15078    -0.010716    -0.029631    0.0094881      0.87063 Neuron_Slc17a7_Syt6-Kit.3_12
Neuron_Slc17a7_Syt6-Fos.3_13        COVAR   15078    -0.010008    -0.027916    0.0087548      0.87349 Neuron_Slc17a7_Syt6-Fos.3_13
Neuron_Slc17a7_Syt6-Etv1.3_2        COVAR   15078   -0.0079933     -0.02255    0.0081442      0.83681 Neuron_Slc17a7_Syt6-Etv1.3_2
Neuron_Slc17a7_Syt6-Efna5.3_3       COVAR   15078   -0.0087832    -0.024103    0.0094276      0.82423 Neuron_Slc17a7_Syt6-Efna5.3_3
Neuron_Slc17a7_Syt6-Cyp26b1....     COVAR   15078   -0.0089616    -0.024697     0.009222      0.83441 Neuron_Slc17a7_Syt6-Cyp26b1.3_4
Neuron_Slc17a7_Syt6-Slc30a3....     COVAR   15078   -0.0088681     -0.02442    0.0087332      0.84505 Neuron_Slc17a7_Syt6-Slc30a3.3_5
Neuron_Slc17a7_Syt6-Slc24a2....     COVAR   15078   -0.0023834   -0.0066501    0.0064736      0.64363 Neuron_Slc17a7_Syt6-Slc24a2.3_6
Neuron_Slc17a7_Syt6-Lypd1.3_7       COVAR   15078    -0.010152    -0.027925    0.0093403      0.86144 Neuron_Slc17a7_Syt6-Lypd1.3_7
NeuronSlc17a7-Slc17a6_Syt6-N...     COVAR   15078    -0.017479    -0.048313    0.0093265      0.96954 NeuronSlc17a7-Slc17a6_Syt6-Nnat.3_8
Neuron_Slc17a7_Syt6-Sema3c.3...     COVAR   15078   -0.0076947    -0.021261    0.0090491      0.80242 Neuron_Slc17a7_Syt6-Sema3c.3_9
Neuron_Slc17a6-Slc17a7-Slc17...     COVAR   15078    -0.018644    -0.051204    0.0093902      0.97644 Neuron_Slc17a6-Slc17a7-Slc17a8_Fezf2_Slc17a8.4_1
Neuron_Slc17a6-Slc17a7_Fezf2...     COVAR   15078   -0.0049735    -0.014138     0.007038       0.7601 Neuron_Slc17a6-Slc17a7_Fezf2_3110035E14Rik.4_2
Neuron_Slc17a6-Slc17a7_Nr4a2...     COVAR   15078    -0.017841    -0.048813    0.0089136      0.97732 Neuron_Slc17a6-Slc17a7_Nr4a2.5_1
Neuron_Slc17a7_Nptxr-Calb1.6...     COVAR   15078   -0.0088615    -0.024087    0.0090819      0.83539 Neuron_Slc17a7_Nptxr-Calb1.6_1
Neuron_Slc17a7_Nptxr-Ndst4.6...     COVAR   15078  -5.5121e-05  -0.00015202    0.0086881      0.50253 Neuron_Slc17a7_Nptxr-Ndst4.6_2
Neuron_Slc17a7-Slc17a6_Nptxr...     COVAR   15078   -0.0084777    -0.023087    0.0095192      0.81342 Neuron_Slc17a7-Slc17a6_Nptxr-Rorb.6_3
Neuron_Slc17a7_Nptxr-Deptor....     COVAR   15078    -0.010371    -0.028246    0.0098942      0.85271 Neuron_Slc17a7_Nptxr-Deptor.6_4
Neuron_Slc17a7_Nptxr-Fos.6_5        COVAR   15078    -0.012476    -0.034392     0.008718      0.92377 Neuron_Slc17a7_Nptxr-Fos.6_5
Neuron_Slc17a7_Nptxr-Drd1.6_6       COVAR   15078   -0.0019716   -0.0061703     0.002696       0.7677 Neuron_Slc17a7_Nptxr-Drd1.6_6
Neuron_Slc17a7_Parm1_Ndnf.7_1       COVAR   15078   -0.0087729     -0.02427     0.008396      0.85195 Neuron_Slc17a7_Parm1_Ndnf.7_1
Neuron_Slc17a7_Parm1_Nnat.7_2       COVAR   15078    -0.010921    -0.030435    0.0081181      0.91072 Neuron_Slc17a7_Parm1_Nnat.7_2
Neuron_Slc17a7_Parm1_Lsamp.7...     COVAR   15078    -0.013552    -0.037028    0.0091506      0.93069 Neuron_Slc17a7_Parm1_Lsamp.7_3
Neuron_Slc17a7_Parm1_Fos.7_4        COVAR   15078  -0.00086062    -0.002643    0.0042319      0.58057 Neuron_Slc17a7_Parm1_Fos.7_4
Neuron_Slc17a7_Parm1_Cadm2.7...     COVAR   15078  -0.00078548   -0.0021874    0.0059062       0.5529 Neuron_Slc17a7_Parm1_Cadm2.7_5
Neuron_Slc17a7_Parm1_Nefm.7_6       COVAR   15078   -0.0059114    -0.016105     0.009147      0.74094 Neuron_Slc17a7_Parm1_Nefm.7_6
Neuron_Slc17a7_Parm1_Tshz2.7...     COVAR   15078     0.005838      0.01625     0.007593      0.22099 Neuron_Slc17a7_Parm1_Tshz2.7_7
Astrocyte_Gja1.8_1                  COVAR   15078   -0.0028046   -0.0072523    0.0058222      0.68499 Astrocyte_Gja1.8_1
Astrocyte_Gja1_Myoc.8_2             COVAR   15078   -0.0017086   -0.0044406    0.0055719      0.62044 Astrocyte_Gja1_Myoc.8_2
Oligodendrocyte_Tnf_Igsf8.9_1       COVAR   15078    0.0046323     0.012193    0.0055438       0.2017 Oligodendrocyte_Tnf_Igsf8.9_1
Oligodendrocyte_Tnf_Igsf8-Ct...     COVAR   15078    0.0013495    0.0037247    0.0045733      0.38397 Oligodendrocyte_Tnf_Igsf8-Ctps.9_2
Oligodendrocyte_Tnf_Kif5b.9_3       COVAR   15078   -0.0038473    -0.010158    0.0057907      0.74677 Oligodendrocyte_Tnf_Kif5b.9_3
Oligodendrocyte_Tnf_Ptgds.9_4       COVAR   15078  -0.00070182   -0.0018332    0.0061065      0.54575 Oligodendrocyte_Tnf_Ptgds.9_4
Oligodendrocyte_Tnf_Klk6.9_5        COVAR   15078   6.5484e-05   0.00017422    0.0055969      0.49533 Oligodendrocyte_Tnf_Klk6.9_5
