# MEAN_SAMPLE_SIZE = 68990
# TOTAL_GENES = 15085
# TEST_DIRECTION = one-sided, positive (set), one-sided, positive (covar)
# CONDITIONED_INTERNAL = gene size, gene density, sample size, inverse mac, log(gene size), log(gene density), log(sample size), log(inverse mac)
# CONDITIONED_HIDDEN = Average (covar)
VARIABLE                             TYPE  NGENES         BETA     BETA_STD           SE            P FULL_NAME
Neuron_Gad1Gad2_Cplx3.1_1           COVAR   15085     0.015495     0.042583    0.0084407     0.033205 Neuron_Gad1Gad2_Cplx3.1_1
Neuron_Gad1Gad2-Slc17a8_Synp...     COVAR   15085     0.010646     0.029492    0.0075569     0.079453 Neuron_Gad1Gad2-Slc17a8_Synpr-Sncg-Yjefn3.1_10
Neuron_Gad1Gad2_Synpr-Sncg.1...     COVAR   15085     0.014451     0.040298    0.0073687     0.024943 Neuron_Gad1Gad2_Synpr-Sncg.1_11
Neuron_Gad1Gad2_Cplx3-Reln.1...     COVAR   15085     0.011855     0.032741     0.008646     0.085168 Neuron_Gad1Gad2_Cplx3-Reln.1_2
Neuron_Gad1Gad2_Synpr-Nnat.1...     COVAR   15085    0.0025609    0.0074319    0.0059418      0.33324 Neuron_Gad1Gad2_Synpr-Nnat.1_3
Neuron_Gad1Gad2_Synpr-Crispl...     COVAR   15085     0.012365     0.034604    0.0072084     0.043144 Neuron_Gad1Gad2_Synpr-Crispld2.1_4
Neuron_Gad1Gad2-Chat_Synpr-S...     COVAR   15085     0.014424     0.039688    0.0081502      0.03839 Neuron_Gad1Gad2-Chat_Synpr-Slc5a7.1_5
Neuron_Gad1Gad2_Synpr-Pcdh11...     COVAR   15085     0.028893     0.079565    0.0083094    0.0002541 Neuron_Gad1Gad2_Synpr-Pcdh11x.1_6
Neuron_Gad1Gad2_Synpr-Dpy19l...     COVAR   15085      0.01257     0.035796    0.0066691      0.02974 Neuron_Gad1Gad2_Synpr-Dpy19l1.1_7
Neuron_Gad1Gad2_Cplx3-Dpy19l...     COVAR   15085    0.0049915     0.014734    0.0053611      0.17592 Neuron_Gad1Gad2_Cplx3-Dpy19l1.1_8
Neuron_Gad1Gad2_Cplx3-Crim1....     COVAR   15085     0.013324     0.038064    0.0067457     0.024134 Neuron_Gad1Gad2_Cplx3-Crim1.1_9
Polydendrocyte_Tnr_Cspg5.10_1       COVAR   15085    -0.011838     -0.03235    0.0062676      0.97053 Polydendrocyte_Tnr_Cspg5.10_1
Polydendrocyte_Tnr_Dlx1.10_2        COVAR   15085    -0.010878    -0.031137    0.0043424      0.99387 Polydendrocyte_Tnr_Dlx1.10_2
Polydendrocyte_Tnr_Pdgfa.10_3       COVAR   15085   -0.0033966     -0.00945    0.0050605      0.74895 Polydendrocyte_Tnr_Pdgfa.10_3
Polydendrocyte_Tnr_Opalin.10...     COVAR   15085   -0.0053239    -0.015115    0.0041539      0.90001 Polydendrocyte_Tnr_Opalin.10_4
Polydendrocyte_Tnr_Bmp4-_Ptg...     COVAR   15085   -0.0071537    -0.019919    0.0052333      0.91417 Polydendrocyte_Tnr_Bmp4-_Ptgds.10_5
Polydendrocyte_Tnr_Bmp4-Gpr1...     COVAR   15085    -0.011084    -0.031451    0.0052695      0.98228 Polydendrocyte_Tnr_Bmp4-Gpr17.10_6
Microglia_C1qb_Tmem119.11_1         COVAR   15085   -0.0016584   -0.0043679    0.0055025      0.61844 Microglia_C1qb_Tmem119.11_1
Neuron_Slc17a6_Reln.11_2            COVAR   15085   -0.0068752    -0.021926    0.0032499       0.9828 Neuron_Slc17a6_Reln.11_2
Macrophage_C1qb_Mrc1.11_3           COVAR   15085   -0.0046869    -0.013123    0.0040388      0.87706 Macrophage_C1qb_Mrc1.11_3
Microglia_C1qb_Tmem119-Fos.1...     COVAR   15085   -0.0015118   -0.0047816    0.0026389      0.71664 Microglia_C1qb_Tmem119-Fos.11_4
Endothelial_Stalk_Flt1_Gkn3....     COVAR   15085    -0.013972    -0.037229     0.004942      0.99765 Endothelial_Stalk_Flt1_Gkn3.12_1
Endothelial_Stalk_Flt1_Mgp.1...     COVAR   15085    -0.010638    -0.030269    0.0038573      0.99709 Endothelial_Stalk_Flt1_Mgp.12_2
Endothelial_Stalk_Flt1_Car4....     COVAR   15085    -0.012275    -0.032862    0.0049745      0.99319 Endothelial_Stalk_Flt1_Car4.12_3
Endothelial_Stalk_Flt1_Cfh.1...     COVAR   15085    -0.012789    -0.034417    0.0047938      0.99618 Endothelial_Stalk_Flt1_Cfh.12_4
Endothelial_Stalk_Flt1_Lrg1....     COVAR   15085   -0.0029311   -0.0088403    0.0033012      0.81269 Endothelial_Stalk_Flt1_Lrg1.12_5
Mural_Rgs5Acta2_Cnn1.13_1           COVAR   15085    -0.018914    -0.050503    0.0047751      0.99996 Mural_Rgs5Acta2_Cnn1.13_1
Mural_Rgs5Acta2_Ccnd1.13_2          COVAR   15085    -0.020001    -0.053646    0.0047936      0.99998 Mural_Rgs5Acta2_Ccnd1.13_2
Mural_Rgs5Acta2_Abcc9.13_3          COVAR   15085    -0.010681    -0.030301    0.0044548      0.99174 Mural_Rgs5Acta2_Abcc9.13_3
Mural_Rgs5Acta2_Col3a1.13_4         COVAR   15085    -0.012662    -0.037391    0.0035331      0.99983 Mural_Rgs5Acta2_Col3a1.13_4
Endothelial_Tip_Dcn_1500015O...     COVAR   15085   -0.0075528     -0.02129    0.0042724      0.96144 Endothelial_Tip_Dcn_1500015O10Rik.14_1
Endothelial_Tip_Dcn_Dapl1.14...     COVAR   15085    -0.011188    -0.031553    0.0040009      0.99741 Endothelial_Tip_Dcn_Dapl1.14_2
Endothelial_Tip_Dcn_Coch.14_3       COVAR   15085    -0.010192     -0.02947    0.0037327      0.99683 Endothelial_Tip_Dcn_Coch.14_3
Endothelial_Tip_Dcn_Col15a1....     COVAR   15085   -0.0097969    -0.026918     0.004724      0.98094 Endothelial_Tip_Dcn_Col15a1.14_4
Endothelial_Tip_Dcn_Inmt.14_5       COVAR   15085   -0.0086374    -0.026674    0.0030661      0.99757 Endothelial_Tip_Dcn_Inmt.14_5
Neuron_Gad1Gad2_Sst-Chodl.2_1       COVAR   15085    0.0064612     0.018384    0.0058359      0.13412 Neuron_Gad1Gad2_Sst-Chodl.2_1
Neuron_Gad1Gad2-Th_Nr4a2.2_10       COVAR   15085     0.013866     0.038701    0.0070363     0.024395 Neuron_Gad1Gad2-Th_Nr4a2.2_10
Neuron_Gad1Gad2_Sst-Pdyn.2_2        COVAR   15085    0.0087678     0.024162    0.0075549      0.12292 Neuron_Gad1Gad2_Sst-Pdyn.2_2
Neuron_Gad1Gad2_Sst-Calb2.2_3       COVAR   15085    0.0069084     0.019484    0.0070771       0.1645 Neuron_Gad1Gad2_Sst-Calb2.2_3
Neuron_Gad1Gad2_Sst-Crh.2_4         COVAR   15085     0.013937     0.038526     0.007834      0.03763 Neuron_Gad1Gad2_Sst-Crh.2_4
Neuron_Gad1Gad2_Sst-Nr2f2.2_5       COVAR   15085    0.0093695     0.026078    0.0074619      0.10463 Neuron_Gad1Gad2_Sst-Nr2f2.2_5
Neuron_Gad1Gad2_Pvalb-Unc5b....     COVAR   15085     0.010744     0.030887    0.0060094     0.036914 Neuron_Gad1Gad2_Pvalb-Unc5b.2_6
Neuron_Gad1Gad2_Pvalb.2_7           COVAR   15085       0.0134     0.036764    0.0080495        0.048 Neuron_Gad1Gad2_Pvalb.2_7
Neuron_Gad1Gad2_Pvalb-Nefm.2...     COVAR   15085     0.015642     0.042857    0.0074229     0.017556 Neuron_Gad1Gad2_Pvalb-Nefm.2_8
Neuron_Gad1Gad2_Pvalb-Necab1...     COVAR   15085     0.018916     0.051633    0.0081898      0.01046 Neuron_Gad1Gad2_Pvalb-Necab1.2_9
Neuron_Slc17a7_Syt6-Sema5a.3...     COVAR   15085      0.02744     0.075302    0.0094956    0.0019305 Neuron_Slc17a7_Syt6-Sema5a.3_1
Neuron_Slc17a7-Slc17a8_Syt6-...     COVAR   15085     0.016977     0.047222     0.008403     0.021685 Neuron_Slc17a7-Slc17a8_Syt6-Cplx3.3_10
Neuron_Slc17a7_Syt6-Bdnf.3_11       COVAR   15085     0.015453     0.044756    0.0063931    0.0078261 Neuron_Slc17a7_Syt6-Bdnf.3_11
Neuron_Slc17a7_Syt6-Kit.3_12        COVAR   15085      0.03286      0.09087    0.0095257   0.00028156 Neuron_Slc17a7_Syt6-Kit.3_12
Neuron_Slc17a7_Syt6-Fos.3_13        COVAR   15085     0.021962      0.06127    0.0088268    0.0064261 Neuron_Slc17a7_Syt6-Fos.3_13
Neuron_Slc17a7_Syt6-Etv1.3_2        COVAR   15085     0.022253     0.062782    0.0081942    0.0033109 Neuron_Slc17a7_Syt6-Etv1.3_2
Neuron_Slc17a7_Syt6-Efna5.3_3       COVAR   15085     0.031715     0.087043     0.009488   0.00041594 Neuron_Slc17a7_Syt6-Efna5.3_3
Neuron_Slc17a7_Syt6-Cyp26b1....     COVAR   15085     0.022509     0.062036    0.0092659    0.0075723 Neuron_Slc17a7_Syt6-Cyp26b1.3_4
Neuron_Slc17a7_Syt6-Slc30a3....     COVAR   15085     0.021788     0.060004    0.0087919    0.0066089 Neuron_Slc17a7_Syt6-Slc30a3.3_5
Neuron_Slc17a7_Syt6-Slc24a2....     COVAR   15085      0.02073     0.057845    0.0065366   0.00076036 Neuron_Slc17a7_Syt6-Slc24a2.3_6
Neuron_Slc17a7_Syt6-Lypd1.3_7       COVAR   15085     0.029845     0.082106    0.0094403   0.00078672 Neuron_Slc17a7_Syt6-Lypd1.3_7
NeuronSlc17a7-Slc17a6_Syt6-N...     COVAR   15085     0.019941      0.05512    0.0094535     0.017466 NeuronSlc17a7-Slc17a6_Syt6-Nnat.3_8
Neuron_Slc17a7_Syt6-Sema3c.3...     COVAR   15085     0.022301     0.061628    0.0091718    0.0075242 Neuron_Slc17a7_Syt6-Sema3c.3_9
Neuron_Slc17a6-Slc17a7-Slc17...     COVAR   15085   0.00042452     0.001166    0.0094447      0.48207 Neuron_Slc17a6-Slc17a7-Slc17a8_Fezf2_Slc17a8.4_1
Neuron_Slc17a6-Slc17a7_Fezf2...     COVAR   15085     0.011464      0.03259    0.0070851     0.052841 Neuron_Slc17a6-Slc17a7_Fezf2_3110035E14Rik.4_2
Neuron_Slc17a6-Slc17a7_Nr4a2...     COVAR   15085     0.016046     0.043904    0.0089993     0.037303 Neuron_Slc17a6-Slc17a7_Nr4a2.5_1
Neuron_Slc17a7_Nptxr-Calb1.6...     COVAR   15085     0.031255     0.084963    0.0091499   0.00031878 Neuron_Slc17a7_Nptxr-Calb1.6_1
Neuron_Slc17a7_Nptxr-Ndst4.6...     COVAR   15085     0.027479     0.075789    0.0087747   0.00087083 Neuron_Slc17a7_Nptxr-Ndst4.6_2
Neuron_Slc17a7-Slc17a6_Nptxr...     COVAR   15085     0.029988     0.081671    0.0095889    0.0008838 Neuron_Slc17a7-Slc17a6_Nptxr-Rorb.6_3
Neuron_Slc17a7_Nptxr-Deptor....     COVAR   15085     0.028628     0.077979    0.0099606    0.0020287 Neuron_Slc17a7_Nptxr-Deptor.6_4
Neuron_Slc17a7_Nptxr-Fos.6_5        COVAR   15085     0.017756     0.048954    0.0087582     0.021322 Neuron_Slc17a7_Nptxr-Fos.6_5
Neuron_Slc17a7_Nptxr-Drd1.6_6       COVAR   15085    0.0026462    0.0082812    0.0027308      0.16627 Neuron_Slc17a7_Nptxr-Drd1.6_6
Neuron_Slc17a7_Parm1_Ndnf.7_1       COVAR   15085     0.017743     0.049086    0.0084439     0.017819 Neuron_Slc17a7_Parm1_Ndnf.7_1
Neuron_Slc17a7_Parm1_Nnat.7_2       COVAR   15085     0.021267     0.059273     0.008242    0.0049398 Neuron_Slc17a7_Parm1_Nnat.7_2
Neuron_Slc17a7_Parm1_Lsamp.7...     COVAR   15085     0.025046     0.068437     0.009224    0.0033149 Neuron_Slc17a7_Parm1_Lsamp.7_3
Neuron_Slc17a7_Parm1_Fos.7_4        COVAR   15085    0.0077309     0.023742    0.0042863     0.035655 Neuron_Slc17a7_Parm1_Fos.7_4
Neuron_Slc17a7_Parm1_Cadm2.7...     COVAR   15085     0.012323      0.03432     0.005954     0.019248 Neuron_Slc17a7_Parm1_Cadm2.7_5
Neuron_Slc17a7_Parm1_Nefm.7_6       COVAR   15085     0.029708     0.080941    0.0092248   0.00064147 Neuron_Slc17a7_Parm1_Nefm.7_6
Neuron_Slc17a7_Parm1_Tshz2.7...     COVAR   15085     0.022502     0.062635    0.0076706    0.0016786 Neuron_Slc17a7_Parm1_Tshz2.7_7
Astrocyte_Gja1.8_1                  COVAR   15085   -0.0097446    -0.025199      0.00587      0.95154 Astrocyte_Gja1.8_1
Astrocyte_Gja1_Myoc.8_2             COVAR   15085     -0.01012    -0.026302    0.0056132      0.96428 Astrocyte_Gja1_Myoc.8_2
Oligodendrocyte_Tnf_Igsf8.9_1       COVAR   15085   -0.0030857   -0.0081221    0.0055961      0.70932 Oligodendrocyte_Tnf_Igsf8.9_1
Oligodendrocyte_Tnf_Igsf8-Ct...     COVAR   15085   -0.0029947    -0.008265    0.0046302      0.74111 Oligodendrocyte_Tnf_Igsf8-Ctps.9_2
Oligodendrocyte_Tnf_Kif5b.9_3       COVAR   15085   -0.0089218    -0.023555    0.0058506      0.93635 Oligodendrocyte_Tnf_Kif5b.9_3
Oligodendrocyte_Tnf_Ptgds.9_4       COVAR   15085   -0.0026098   -0.0068172    0.0061633      0.66401 Oligodendrocyte_Tnf_Ptgds.9_4
Oligodendrocyte_Tnf_Klk6.9_5        COVAR   15085   -0.0047441    -0.012621    0.0056446      0.79967 Oligodendrocyte_Tnf_Klk6.9_5
